2025-03-16 22:51:55 [SERVER] [INFO] Starting integrated minecraft server version 1.5.2
2025-03-16 22:51:55 [SERVER] [INFO] Generating keypair
2025-03-16 22:51:55 [SERVER] [INFO] Converting map!
2025-03-16 22:51:55 [SERVER] [INFO] Scanning folders...
2025-03-16 22:51:55 [SERVER] [INFO] Total conversion count is 0
2025-03-16 22:51:56 [SERVER] [WARNING] Unable to find spawn biome
2025-03-16 22:51:57 [SERVER] [WARNING] Unable to find spawn biome
2025-03-16 22:51:57 [SERVER] [WARNING] Unable to find spawn biome
2025-03-16 22:51:58 [SERVER] [WARNING] Unable to find spawn biome
2025-03-16 22:51:58 [SERVER] [WARNING] Unable to find spawn biome
2025-03-16 22:51:59 [SERVER] [WARNING] Unable to find spawn biome
2025-03-16 22:51:59 [SERVER] [WARNING] Unable to find spawn biome
2025-03-16 22:52:00 [SERVER] [WARNING] Unable to find spawn biome
2025-03-16 22:52:00 [SERVER] [WARNING] Unable to find spawn biome
2025-03-16 22:52:01 [SERVER] [WARNING] Unable to find spawn biome
2025-03-16 22:52:01 [SERVER] [WARNING] Unable to find spawn biome
2025-03-16 22:52:02 [SERVER] [WARNING] Unable to find spawn biome
2025-03-16 22:52:02 [SERVER] [WARNING] Unable to find spawn biome
2025-03-16 22:52:03 [SERVER] [WARNING] Unable to find spawn biome
2025-03-16 22:52:03 [SERVER] [WARNING] Unable to find spawn biome
2025-03-16 22:52:04 [SERVER] [WARNING] Unable to find spawn biome
2025-03-16 22:52:05 [SERVER] [WARNING] Unable to find spawn biome
2025-03-16 22:52:05 [SERVER] [WARNING] Unable to find spawn biome
2025-03-16 22:52:06 [SERVER] [WARNING] Unable to find spawn biome
2025-03-16 22:52:06 [SERVER] [WARNING] Unable to find spawn biome
2025-03-16 22:52:07 [SERVER] [WARNING] Unable to find spawn biome
2025-03-16 22:52:08 [SERVER] [WARNING] Unable to find spawn biome
2025-03-16 22:52:08 [SERVER] [WARNING] Unable to find spawn biome
2025-03-16 22:52:09 [SERVER] [WARNING] Unable to find spawn biome
2025-03-16 22:52:09 [SERVER] [WARNING] Unable to find spawn biome
2025-03-16 22:52:10 [SERVER] [WARNING] Unable to find spawn biome
2025-03-16 22:52:10 [SERVER] [WARNING] Unable to find spawn biome
2025-03-16 22:52:11 [SERVER] [WARNING] Unable to find spawn biome
2025-03-16 22:52:11 [SERVER] [WARNING] Unable to find spawn biome
2025-03-16 22:52:12 [SERVER] [WARNING] Unable to find spawn biome
2025-03-16 22:52:12 [SERVER] [WARNING] Unable to find spawn biome
2025-03-16 22:52:13 [SERVER] [WARNING] Unable to find spawn biome
2025-03-16 22:52:13 [SERVER] [WARNING] Unable to find spawn biome
2025-03-16 22:52:14 [SERVER] [WARNING] Unable to find spawn biome
2025-03-16 22:52:15 [SERVER] [WARNING] Unable to find spawn biome
2025-03-16 22:52:15 [SERVER] [WARNING] Unable to find spawn biome
2025-03-16 22:52:16 [SERVER] [WARNING] Unable to find spawn biome
2025-03-16 22:52:16 [SERVER] [WARNING] Unable to find spawn biome
2025-03-16 22:52:17 [SERVER] [WARNING] Unable to find spawn biome
2025-03-16 22:52:17 [SERVER] [WARNING] Unable to find spawn biome
2025-03-16 22:52:18 [SERVER] [WARNING] Unable to find spawn biome
2025-03-16 22:52:18 [SERVER] [WARNING] Unable to find spawn biome
2025-03-16 22:52:19 [SERVER] [WARNING] Unable to find spawn biome
2025-03-16 22:52:19 [SERVER] [WARNING] Unable to find spawn biome
2025-03-16 22:52:20 [SERVER] [WARNING] Unable to find spawn biome
2025-03-16 22:52:20 [SERVER] [WARNING] Unable to find spawn biome
2025-03-16 22:52:21 [SERVER] [WARNING] Unable to find spawn biome
2025-03-16 22:52:22 [SERVER] [WARNING] Unable to find spawn biome
2025-03-16 22:52:22 [SERVER] [WARNING] Unable to find spawn biome
2025-03-16 22:52:23 [SERVER] [WARNING] Unable to find spawn biome
2025-03-16 22:52:23 [SERVER] [WARNING] Unable to find spawn biome
2025-03-16 22:52:24 [SERVER] [WARNING] Unable to find spawn biome
2025-03-16 22:52:24 [SERVER] [WARNING] Unable to find spawn biome
2025-03-16 22:52:25 [SERVER] [WARNING] Unable to find spawn biome
2025-03-16 22:52:25 [SERVER] [WARNING] Unable to find spawn biome
2025-03-16 22:52:26 [SERVER] [WARNING] Unable to find spawn biome
2025-03-16 22:52:27 [SERVER] [WARNING] Unable to find spawn biome
2025-03-16 22:52:27 [SERVER] [WARNING] Unable to find spawn biome
2025-03-16 22:52:28 [SERVER] [WARNING] Unable to find spawn biome
2025-03-16 22:52:28 [SERVER] [WARNING] Unable to find spawn biome
2025-03-16 22:52:29 [SERVER] [WARNING] Unable to find spawn biome
2025-03-16 22:52:29 [SERVER] [WARNING] Unable to find spawn biome
2025-03-16 22:52:30 [SERVER] [WARNING] Unable to find spawn biome
2025-03-16 22:52:30 [SERVER] [WARNING] Unable to find spawn biome
2025-03-16 22:52:31 [SERVER] [WARNING] Unable to find spawn biome
2025-03-16 22:52:31 [SERVER] [WARNING] Unable to find spawn biome
2025-03-16 22:52:32 [SERVER] [WARNING] Unable to find spawn biome
2025-03-16 22:52:32 [SERVER] [WARNING] Unable to find spawn biome
2025-03-16 22:52:33 [SERVER] [WARNING] Unable to find spawn biome
2025-03-16 22:52:33 [SERVER] [WARNING] Unable to find spawn biome
2025-03-16 22:52:34 [SERVER] [WARNING] Unable to find spawn biome
2025-03-16 22:52:34 [SERVER] [WARNING] Unable to find spawn biome
2025-03-16 22:52:35 [SERVER] [WARNING] Unable to find spawn biome
2025-03-16 22:52:36 [SERVER] [WARNING] Unable to find spawn biome
2025-03-16 22:52:36 [SERVER] [WARNING] Unable to find spawn biome
2025-03-16 22:52:37 [SERVER] [WARNING] Unable to find spawn biome
2025-03-16 22:52:37 [SERVER] [WARNING] Unable to find spawn biome
2025-03-16 22:52:38 [SERVER] [WARNING] Unable to find spawn biome
2025-03-16 22:52:38 [SERVER] [WARNING] Unable to find spawn biome
2025-03-16 22:52:39 [SERVER] [WARNING] Unable to find spawn biome
2025-03-16 22:52:39 [SERVER] [WARNING] Unable to find spawn biome
2025-03-16 22:52:40 [SERVER] [WARNING] Unable to find spawn biome
2025-03-16 22:52:41 [SERVER] [WARNING] Unable to find spawn biome
2025-03-16 22:52:41 [SERVER] [WARNING] Unable to find spawn biome
2025-03-16 22:52:42 [SERVER] [WARNING] Unable to find spawn biome
2025-03-16 22:52:42 [SERVER] [WARNING] Unable to find spawn biome
2025-03-16 22:53:22 [SERVER] [INFO] Starting integrated minecraft server version 1.5.2
2025-03-16 22:53:22 [SERVER] [INFO] Generating keypair
2025-03-16 22:53:22 [SERVER] [INFO] Converting map!
2025-03-16 22:53:22 [SERVER] [INFO] Scanning folders...
2025-03-16 22:53:22 [SERVER] [INFO] Total conversion count is 0
2025-03-16 22:53:22 [SERVER] [WARNING] Unable to find spawn biome
2025-03-16 22:53:24 [SERVER] [INFO] Preparing start region for level 0
2025-03-16 22:53:26 [SERVER] [INFO] Preparing spawn area: 29%
2025-03-16 22:53:27 [SERVER] [INFO] Preparing spawn area: 69%
2025-03-16 22:53:28 [SERVER] [INFO] Preparing spawn area: 99%
2025-03-16 22:53:28 [SERVER] [INFO] Damage Indicators was unable to check for updates!
2025-03-16 22:53:28 [SERVER] [INFO] ChouRaiden1337[/127.0.0.1:0] logged in with entity id 2901 at (152.5, 89.0, 155.5)
2025-03-16 22:53:39 [SERVER] [INFO] Saving and pausing game...
2025-03-16 22:53:39 [SERVER] [INFO] Saving chunks for level 'New World'/Overworld
2025-03-16 22:53:40 [SERVER] [INFO] Saving chunks for level 'New World'/Nether
2025-03-16 22:53:40 [SERVER] [INFO] Saving chunks for level 'New World'/The End
2025-03-16 22:53:40 [SERVER] [INFO] Saving chunks for level 'New World'/Twilight Forest
2025-03-16 22:53:40 [SERVER] [INFO] Saving chunks for level 'New World'/Atum
2025-03-16 22:53:40 [SERVER] [INFO] Stopping server
2025-03-16 22:53:40 [SERVER] [INFO] Saving players
2025-03-16 22:53:40 [SERVER] [INFO] Saving worlds
2025-03-16 22:53:40 [SERVER] [INFO] Saving chunks for level 'New World'/Overworld
2025-03-16 22:53:40 [SERVER] [INFO] Saving chunks for level 'New World'/Nether
2025-03-16 22:53:40 [SERVER] [INFO] Saving chunks for level 'New World'/The End
2025-03-16 22:53:40 [SERVER] [INFO] Saving chunks for level 'New World'/Twilight Forest
2025-03-16 22:53:40 [SERVER] [INFO] Saving chunks for level 'New World'/Atum
2025-03-16 23:16:15 [SERVER] [INFO] Starting integrated minecraft server version 1.5.2
2025-03-16 23:16:15 [SERVER] [INFO] Generating keypair
2025-03-16 23:16:15 [SERVER] [INFO] Converting map!
2025-03-16 23:16:15 [SERVER] [INFO] Scanning folders...
2025-03-16 23:16:15 [SERVER] [INFO] Total conversion count is 0
2025-03-16 23:16:17 [SERVER] [WARNING] Unable to find spawn biome
2025-03-16 23:16:19 [SERVER] [INFO] Preparing start region for level 0
2025-03-16 23:16:20 [SERVER] [INFO] Preparing spawn area: 26%
2025-03-16 23:16:21 [SERVER] [INFO] Preparing spawn area: 53%
2025-03-16 23:16:22 [SERVER] [INFO] Preparing spawn area: 88%
2025-03-16 23:16:23 [SERVER] [INFO] Damage Indicators was unable to check for updates!
2025-03-16 23:16:23 [SERVER] [INFO] ChouRaiden1337[/127.0.0.1:0] logged in with entity id 140 at (-299.5, 91.0, 326.5)
2025-03-16 23:16:26 [SERVER] [INFO] Saving and pausing game...
2025-03-16 23:16:26 [SERVER] [INFO] Saving chunks for level 'New World'/Overworld
