2025-04-07 22:35:48 [SERVER] [INFO] Starting integrated minecraft server version 1.6.4
2025-04-07 22:35:48 [SERVER] [INFO] Generating keypair
2025-04-07 22:35:49 [SERVER] [INFO] Preparing start region for level 0
2025-04-07 22:35:52 [SERVER] [INFO] ChouRaiden1337[/127.0.0.1:0] logged in with entity id 393 at (-519.8017115463166, 71.0, 623.7574437071605)
2025-04-07 22:35:52 [SERVER] [INFO] ChouRaiden1337 joined the game
2025-04-07 22:36:06 [SERVER] [INFO] Saving and pausing game...
2025-04-07 22:36:06 [SERVER] [INFO] Saving chunks for level '#1'/Overworld
2025-04-07 22:36:06 [SERVER] [INFO] Saving chunks for level '#1'/Nether
2025-04-07 22:36:06 [SERVER] [INFO] Saving chunks for level '#1'/The End
2025-04-07 22:36:06 [SERVER] [INFO] Saving chunks for level '#1'/Twilight Forest
2025-04-07 22:36:06 [SERVER] [INFO] Saving chunks for level '#1'/Underdark
2025-04-07 22:36:06 [SERVER] [INFO] Stopping server
2025-04-07 22:36:06 [SERVER] [INFO] Saving players
2025-04-07 22:36:06 [SERVER] [INFO] ChouRaiden1337 left the game
2025-04-07 22:36:06 [SERVER] [INFO] Saving worlds
2025-04-07 22:36:06 [SERVER] [INFO] Saving chunks for level '#1'/Overworld
2025-04-07 22:36:06 [SERVER] [INFO] Saving chunks for level '#1'/Nether
2025-04-07 22:36:06 [SERVER] [INFO] Saving chunks for level '#1'/The End
2025-04-07 22:36:06 [SERVER] [INFO] Saving chunks for level '#1'/Twilight Forest
2025-04-07 22:36:06 [SERVER] [INFO] Saving chunks for level '#1'/Underdark
2025-04-08 13:19:56 [SERVER] [INFO] Starting integrated minecraft server version 1.6.4
2025-04-08 13:19:56 [SERVER] [INFO] Generating keypair
2025-04-08 13:19:56 [SERVER] [INFO] Converting map!
2025-04-08 13:19:56 [SERVER] [INFO] Scanning folders...
2025-04-08 13:19:56 [SERVER] [INFO] Total conversion count is 0
2025-04-08 13:19:57 [SERVER] [INFO] Preparing start region for level 0
2025-04-08 13:19:58 [SERVER] [INFO] Preparing spawn area: 15%
2025-04-08 13:19:59 [SERVER] [INFO] Preparing spawn area: 33%
2025-04-08 13:20:00 [SERVER] [INFO] Preparing spawn area: 50%
2025-04-08 13:20:01 [SERVER] [INFO] Preparing spawn area: 67%
2025-04-08 13:20:02 [SERVER] [INFO] Preparing spawn area: 88%
2025-04-08 13:20:06 [SERVER] [INFO] ChouRaiden1337[/127.0.0.1:0] logged in with entity id 267 at (-202.5, 79.0, 244.5)
2025-04-08 13:20:06 [SERVER] [INFO] ChouRaiden1337 joined the game
2025-04-08 13:20:10 [SERVER] [INFO] Saving and pausing game...
2025-04-08 13:20:10 [SERVER] [INFO] Saving chunks for level '#2'/Overworld
2025-04-08 13:20:10 [SERVER] [INFO] Saving chunks for level '#2'/Nether
2025-04-08 13:20:38 [SERVER] [WARNING] ChouRaiden1337 moved wrongly!
2025-04-08 13:21:53 [SERVER] [INFO] Saving and pausing game...
2025-04-08 13:21:53 [SERVER] [INFO] Saving chunks for level '#2'/Overworld
2025-04-08 13:21:53 [SERVER] [INFO] Saving chunks for level '#2'/Nether
2025-04-08 13:22:14 [SERVER] [INFO] Saving and pausing game...
2025-04-08 13:22:14 [SERVER] [INFO] Saving chunks for level '#2'/Overworld
2025-04-08 13:22:14 [SERVER] [INFO] Saving chunks for level '#2'/Nether
2025-04-08 13:22:27 [SERVER] [INFO] Saving and pausing game...
2025-04-08 13:22:27 [SERVER] [INFO] Saving chunks for level '#2'/Overworld
2025-04-08 13:22:27 [SERVER] [INFO] Saving chunks for level '#2'/Nether
2025-04-08 13:22:35 [SERVER] [INFO] Saving and pausing game...
2025-04-08 13:22:35 [SERVER] [INFO] Saving chunks for level '#2'/Overworld
2025-04-08 13:22:35 [SERVER] [INFO] Saving chunks for level '#2'/Nether
2025-04-08 13:22:48 [SERVER] [INFO] Saving and pausing game...
2025-04-08 13:22:48 [SERVER] [INFO] Saving chunks for level '#2'/Overworld
2025-04-08 13:22:48 [SERVER] [INFO] Saving chunks for level '#2'/Nether
2025-04-08 13:24:21 [SERVER] [INFO] Saving and pausing game...
2025-04-08 13:24:21 [SERVER] [INFO] Saving chunks for level '#2'/Overworld
2025-04-08 13:24:21 [SERVER] [INFO] Saving chunks for level '#2'/Nether
2025-04-08 13:30:32 [SERVER] [INFO] Saving and pausing game...
2025-04-08 13:30:32 [SERVER] [INFO] Saving chunks for level '#2'/Overworld
2025-04-08 13:30:33 [SERVER] [INFO] Saving chunks for level '#2'/Nether
2025-04-08 13:31:50 [SERVER] [WARNING] Can't keep up! Did the system time change, or is the server overloaded?
2025-04-08 13:32:08 [SERVER] [INFO] Saving and pausing game...
2025-04-08 13:32:08 [SERVER] [INFO] Saving chunks for level '#2'/Overworld
2025-04-08 13:32:09 [SERVER] [INFO] Saving chunks for level '#2'/Nether
2025-04-08 13:32:46 [SERVER] [INFO] Saving and pausing game...
2025-04-08 13:32:46 [SERVER] [INFO] Saving chunks for level '#2'/Overworld
2025-04-08 13:32:46 [SERVER] [INFO] Saving chunks for level '#2'/Nether
2025-04-08 13:34:34 [SERVER] [WARNING] Can't keep up! Did the system time change, or is the server overloaded?
2025-04-08 13:35:44 [SERVER] [INFO] ChouRaiden1337 fell out of the world
2025-04-08 13:35:52 [SERVER] [INFO] Saving and pausing game...
2025-04-08 13:35:52 [SERVER] [INFO] Saving chunks for level '#2'/Overworld
2025-04-08 13:35:52 [SERVER] [INFO] Saving chunks for level '#2'/Nether
2025-04-08 13:39:04 [SERVER] [INFO] Saving and pausing game...
2025-04-08 13:39:04 [SERVER] [INFO] Saving chunks for level '#2'/Overworld
2025-04-08 13:39:04 [SERVER] [INFO] Saving chunks for level '#2'/Nether
2025-04-08 13:39:11 [SERVER] [INFO] Saving and pausing game...
2025-04-08 13:39:11 [SERVER] [INFO] Saving chunks for level '#2'/Overworld
2025-04-08 13:39:12 [SERVER] [INFO] Saving chunks for level '#2'/Nether
2025-04-08 13:39:12 [SERVER] [INFO] Stopping server
2025-04-08 13:39:12 [SERVER] [INFO] Saving players
2025-04-08 13:39:12 [SERVER] [INFO] ChouRaiden1337 left the game
2025-04-08 13:39:12 [SERVER] [INFO] Saving worlds
2025-04-08 13:39:12 [SERVER] [INFO] Saving chunks for level '#2'/Overworld
2025-04-08 13:39:12 [SERVER] [INFO] Saving chunks for level '#2'/Nether
2025-04-08 15:15:15 [SERVER] [INFO] Starting integrated minecraft server version 1.6.4
2025-04-08 15:15:15 [SERVER] [INFO] Generating keypair
2025-04-08 15:15:15 [SERVER] [INFO] Preparing start region for level 0
2025-04-08 15:15:19 [SERVER] [INFO] ChouRaiden1337[/127.0.0.1:0] logged in with entity id 374 at (-445.0212215683034, 84.0758861475338, 141.60342263212937)
2025-04-08 15:15:19 [SERVER] [INFO] ChouRaiden1337 joined the game
2025-04-08 15:15:23 [SERVER] [INFO] Saving and pausing game...
2025-04-08 15:15:23 [SERVER] [INFO] Saving chunks for level '#2'/Overworld
2025-04-08 15:15:23 [SERVER] [INFO] Saving chunks for level '#2'/Nether
2025-04-08 15:15:23 [SERVER] [INFO] Saving chunks for level '#2'/The End
2025-04-08 15:15:23 [SERVER] [INFO] Saving chunks for level '#2'/Twilight Forest
2025-04-08 15:15:23 [SERVER] [INFO] Saving chunks for level '#2'/Underdark
2025-04-08 15:17:32 [SERVER] [INFO] [ChouRaiden1337: Game rule has been updated]
2025-04-08 15:17:33 [SERVER] [INFO] ChouRaiden1337 fell out of the world
2025-04-08 15:17:49 [SERVER] [INFO] Saving and pausing game...
2025-04-08 15:17:49 [SERVER] [INFO] Saving chunks for level '#2'/Overworld
2025-04-08 15:17:50 [SERVER] [INFO] Saving chunks for level '#2'/Nether
2025-04-08 15:18:08 [SERVER] [INFO] Saving and pausing game...
2025-04-08 15:18:08 [SERVER] [INFO] Saving chunks for level '#2'/Overworld
2025-04-08 15:18:08 [SERVER] [INFO] Saving chunks for level '#2'/Nether
2025-04-08 15:41:59 [SERVER] [INFO] Saving and pausing game...
2025-04-08 15:41:59 [SERVER] [INFO] Saving chunks for level '#2'/Overworld
2025-04-08 15:42:00 [SERVER] [INFO] Saving chunks for level '#2'/Nether
2025-04-08 15:42:11 [SERVER] [INFO] Saving and pausing game...
2025-04-08 15:42:11 [SERVER] [INFO] Saving chunks for level '#2'/Overworld
2025-04-08 15:42:11 [SERVER] [INFO] Saving chunks for level '#2'/Nether
2025-04-08 15:43:28 [SERVER] [INFO] Saving and pausing game...
2025-04-08 15:43:28 [SERVER] [INFO] Saving chunks for level '#2'/Overworld
2025-04-08 15:43:28 [SERVER] [INFO] Saving chunks for level '#2'/Nether
2025-04-08 15:44:18 [SERVER] [INFO] Saving and pausing game...
2025-04-08 15:44:18 [SERVER] [INFO] Saving chunks for level '#2'/Overworld
2025-04-08 15:44:19 [SERVER] [INFO] Saving chunks for level '#2'/Nether
2025-04-08 15:44:19 [SERVER] [INFO] Stopping server
2025-04-08 15:44:19 [SERVER] [INFO] Saving players
2025-04-08 15:44:19 [SERVER] [INFO] ChouRaiden1337 left the game
2025-04-08 15:44:19 [SERVER] [INFO] Saving worlds
2025-04-08 15:44:19 [SERVER] [INFO] Saving chunks for level '#2'/Overworld
2025-04-08 15:44:19 [SERVER] [INFO] Saving chunks for level '#2'/Nether
2025-04-08 15:54:00 [SERVER] [INFO] Starting integrated minecraft server version 1.6.4
2025-04-08 15:54:00 [SERVER] [INFO] Generating keypair
2025-04-08 15:54:01 [SERVER] [INFO] Preparing start region for level 0
2025-04-08 15:54:05 [SERVER] [INFO] ChouRaiden1337[/127.0.0.1:0] logged in with entity id 420 at (-202.88551503455318, 78.0, 245.00073432800474)
2025-04-08 15:54:05 [SERVER] [INFO] ChouRaiden1337 joined the game
2025-04-08 15:54:08 [SERVER] [INFO] Saving and pausing game...
2025-04-08 15:54:08 [SERVER] [INFO] Saving chunks for level 'Raiden World'/Overworld
2025-04-08 15:54:08 [SERVER] [INFO] Saving chunks for level 'Raiden World'/Nether
2025-04-08 15:54:08 [SERVER] [INFO] Saving chunks for level 'Raiden World'/The End
2025-04-08 15:54:08 [SERVER] [INFO] Saving chunks for level 'Raiden World'/Twilight Forest
2025-04-08 15:54:08 [SERVER] [INFO] Saving chunks for level 'Raiden World'/Underdark
2025-04-08 16:09:20 [SERVER] [INFO] Saving and pausing game...
2025-04-08 16:09:20 [SERVER] [INFO] Saving chunks for level 'Raiden World'/Overworld
2025-04-08 16:09:20 [SERVER] [INFO] Saving chunks for level 'Raiden World'/Nether
2025-04-08 16:09:20 [SERVER] [INFO] Saving chunks for level 'Raiden World'/The End
2025-04-08 16:09:20 [SERVER] [INFO] Saving chunks for level 'Raiden World'/Twilight Forest
2025-04-08 16:09:20 [SERVER] [INFO] Saving chunks for level 'Raiden World'/Underdark
2025-04-08 16:11:04 [SERVER] [INFO] [ChouRaiden1337: Enchanting succeeded]
2025-04-08 16:11:34 [SERVER] [INFO] Saving and pausing game...
2025-04-08 16:11:34 [SERVER] [INFO] Saving chunks for level 'Raiden World'/Overworld
2025-04-08 16:11:34 [SERVER] [INFO] Saving chunks for level 'Raiden World'/Nether
2025-04-08 16:11:40 [SERVER] [INFO] Saving and pausing game...
2025-04-08 16:11:40 [SERVER] [INFO] Saving chunks for level 'Raiden World'/Overworld
2025-04-08 16:11:40 [SERVER] [INFO] Saving chunks for level 'Raiden World'/Nether
2025-04-08 16:11:51 [SERVER] [INFO] Saving and pausing game...
2025-04-08 16:11:51 [SERVER] [INFO] Saving chunks for level 'Raiden World'/Overworld
2025-04-08 16:11:51 [SERVER] [INFO] Saving chunks for level 'Raiden World'/Nether
2025-04-08 16:13:31 [SERVER] [INFO] Saving and pausing game...
2025-04-08 16:13:31 [SERVER] [INFO] Saving chunks for level 'Raiden World'/Overworld
2025-04-08 16:13:31 [SERVER] [INFO] Saving chunks for level 'Raiden World'/Nether
2025-04-08 16:13:50 [SERVER] [INFO] Saving and pausing game...
2025-04-08 16:13:50 [SERVER] [INFO] Saving chunks for level 'Raiden World'/Overworld
2025-04-08 16:13:50 [SERVER] [INFO] Saving chunks for level 'Raiden World'/Nether
2025-04-08 16:13:51 [SERVER] [INFO] Stopping server
2025-04-08 16:13:51 [SERVER] [INFO] Saving players
2025-04-08 16:13:51 [SERVER] [INFO] ChouRaiden1337 left the game
2025-04-08 16:13:51 [SERVER] [INFO] Saving worlds
2025-04-08 16:13:51 [SERVER] [INFO] Saving chunks for level 'Raiden World'/Overworld
2025-04-08 16:13:51 [SERVER] [INFO] Saving chunks for level 'Raiden World'/Nether
2025-04-08 16:14:49 [SERVER] [INFO] Starting integrated minecraft server version 1.6.4
2025-04-08 16:14:49 [SERVER] [INFO] Generating keypair
2025-04-08 16:14:50 [SERVER] [INFO] Preparing start region for level 0
2025-04-08 16:14:54 [SERVER] [INFO] ChouRaiden1337[/127.0.0.1:0] logged in with entity id 391 at (608.1735552757094, 87.5210583535616, 553.9950046770498)
2025-04-08 16:14:54 [SERVER] [INFO] ChouRaiden1337 joined the game
2025-04-08 16:14:55 [SERVER] [INFO] Saving and pausing game...
2025-04-08 16:14:55 [SERVER] [INFO] Saving chunks for level '#2'/Overworld
2025-04-08 16:14:55 [SERVER] [INFO] Saving chunks for level '#2'/Nether
2025-04-08 16:14:55 [SERVER] [INFO] Saving chunks for level '#2'/The End
2025-04-08 16:14:55 [SERVER] [INFO] Saving chunks for level '#2'/Twilight Forest
2025-04-08 16:14:55 [SERVER] [INFO] Saving chunks for level '#2'/Underdark
2025-04-08 16:15:07 [SERVER] [INFO] Saving and pausing game...
2025-04-08 16:15:07 [SERVER] [INFO] Saving chunks for level '#2'/Overworld
2025-04-08 16:15:07 [SERVER] [INFO] Saving chunks for level '#2'/Nether
2025-04-08 16:15:07 [SERVER] [INFO] Saving chunks for level '#2'/The End
2025-04-08 16:15:07 [SERVER] [INFO] Saving chunks for level '#2'/Twilight Forest
2025-04-08 16:15:07 [SERVER] [INFO] Saving chunks for level '#2'/Underdark
2025-04-08 16:15:08 [SERVER] [INFO] Stopping server
2025-04-08 16:15:08 [SERVER] [INFO] Saving players
2025-04-08 16:15:08 [SERVER] [INFO] ChouRaiden1337 left the game
2025-04-08 16:15:08 [SERVER] [INFO] Saving worlds
2025-04-08 16:15:08 [SERVER] [INFO] Saving chunks for level '#2'/Overworld
2025-04-08 16:15:08 [SERVER] [INFO] Saving chunks for level '#2'/Nether
2025-04-08 16:15:08 [SERVER] [INFO] Saving chunks for level '#2'/The End
2025-04-08 16:15:08 [SERVER] [INFO] Saving chunks for level '#2'/Twilight Forest
2025-04-08 16:15:08 [SERVER] [INFO] Saving chunks for level '#2'/Underdark
