2025-03-16 23:10:32 [INFO] [ForgeModLoader] Forge Mod Loader version 4.7.35.556 for Minecraft 1.4.7 loading
2025-03-16 23:10:32 [FINEST] [ForgeModLoader] All core mods are successfully located
2025-03-16 23:10:32 [FINEST] [ForgeModLoader] Discovering coremods
2025-03-16 23:10:32 [FINEST] [ForgeModLoader] Found a candidate coremod [1.4.6]TreeCapitator.Forge.1.4.6.r07.Uni.CoreMod.jar
2025-03-16 23:10:32 [FINEST] [ForgeModLoader] Loading coremod [1.4.6]TreeCapitator.Forge.1.4.6.r07.Uni.CoreMod.jar
2025-03-16 23:10:32 [FINEST] [ForgeModLoader] Loaded coremod [1.4.6]TreeCapitator.Forge.1.4.6.r07.Uni.CoreMod.jar
2025-03-16 23:10:32 [FINEST] [ForgeModLoader] Found a candidate coremod CodeChickenCore 0.7.3.jar
2025-03-16 23:10:32 [FINEST] [ForgeModLoader] Loading coremod CodeChickenCore 0.7.3.jar
2025-03-16 23:10:32 [FINEST] [ForgeModLoader] Loaded coremod CodeChickenCore 0.7.3.jar
2025-03-16 23:10:32 [FINEST] [ForgeModLoader] Found a candidate coremod LumySkinPatch-1.0.12.jar
2025-03-16 23:10:32 [FINEST] [ForgeModLoader] Loading coremod LumySkinPatch-1.0.12.jar
2025-03-16 23:10:32 [FINEST] [ForgeModLoader] Loaded coremod LumySkinPatch-1.0.12.jar
2025-03-16 23:10:32 [FINEST] [ForgeModLoader] Found a candidate coremod NotEnoughItems 1.4.7.0.jar
2025-03-16 23:10:32 [FINEST] [ForgeModLoader] Loading coremod NotEnoughItems 1.4.7.0.jar
2025-03-16 23:10:32 [FINEST] [ForgeModLoader] Loaded coremod NotEnoughItems 1.4.7.0.jar
2025-03-16 23:10:32 [FINEST] [ForgeModLoader] Found a candidate coremod PowerCrystalsCore-1.0.3-34.jar
2025-03-16 23:10:32 [FINEST] [ForgeModLoader] Loading coremod PowerCrystalsCore-1.0.3-34.jar
2025-03-16 23:10:32 [FINEST] [ForgeModLoader] Loaded coremod PowerCrystalsCore-1.0.3-34.jar
2025-03-16 23:10:32 [FINEST] [ForgeModLoader] Found a candidate coremod VanillaNeiFix_mc147_1.0.jar
2025-03-16 23:10:32 [FINEST] [ForgeModLoader] Loading coremod VanillaNeiFix_mc147_1.0.jar
2025-03-16 23:10:32 [FINEST] [ForgeModLoader] Loaded coremod VanillaNeiFix_mc147_1.0.jar
2025-03-16 23:10:32 [FINEST] [ForgeModLoader] Found library file argo-2.25.jar present and correct in lib dir
2025-03-16 23:10:32 [FINEST] [ForgeModLoader] Found library file guava-12.0.1.jar present and correct in lib dir
2025-03-16 23:10:32 [FINEST] [ForgeModLoader] Found library file asm-all-4.0.jar present and correct in lib dir
2025-03-16 23:10:32 [FINEST] [ForgeModLoader] Found library file bcprov-jdk15on-147.jar present and correct in lib dir
2025-03-16 23:10:32 [INFO] [ForgeModLoader] [LumySkinPatch] [LumySkinPatch] Minecraft version: 1.4.7
2025-03-16 23:10:32 [INFO] [ForgeModLoader] [LumySkinPatch] [LumySkinPatch] Minecraft version: 1.4.7
2025-03-16 23:10:32 [INFO] [STDOUT] Adding Accesstransformer map: pcc_at.cfg
2025-03-16 23:10:32 [FINEST] [ForgeModLoader] Running coremod plugins
2025-03-16 23:10:32 [FINEST] [ForgeModLoader] Running coremod plugin FMLCorePlugin
2025-03-16 23:10:32 [SEVERE] [ForgeModLoader] FML appears to be missing any signature data. This is not a good thing
2025-03-16 23:10:32 [FINEST] [ForgeModLoader] Coremod plugin FMLCorePlugin run successfully
2025-03-16 23:10:32 [FINEST] [ForgeModLoader] Running coremod plugin FMLForgePlugin
2025-03-16 23:10:32 [FINEST] [ForgeModLoader] Coremod plugin FMLForgePlugin run successfully
2025-03-16 23:10:32 [FINEST] [ForgeModLoader] Running coremod plugin TreeCapitatorCorePlugin
2025-03-16 23:10:32 [FINEST] [ForgeModLoader] Coremod plugin TreeCapitatorCorePlugin run successfully
2025-03-16 23:10:32 [FINEST] [ForgeModLoader] Running coremod plugin CodeChickenCorePlugin
2025-03-16 23:10:32 [INFO] [STDOUT] Adding Accesstransformer map: codechickencore_at.cfg
2025-03-16 23:10:32 [INFO] [STDOUT] Adding AccessTransformer: chickenchunks_at.cfg
2025-03-16 23:10:32 [INFO] [STDOUT] Adding Accesstransformer map: temp.dat
2025-03-16 23:10:32 [FINEST] [ForgeModLoader] Coremod plugin CodeChickenCorePlugin run successfully
2025-03-16 23:10:32 [FINEST] [ForgeModLoader] Running coremod plugin LoadingPlugin
2025-03-16 23:10:32 [FINEST] [ForgeModLoader] Coremod plugin LoadingPlugin run successfully
2025-03-16 23:10:32 [FINEST] [ForgeModLoader] Running coremod plugin NEICorePlugin
2025-03-16 23:10:32 [INFO] [STDOUT] Adding Accesstransformer map: nei_at.cfg
2025-03-16 23:10:32 [FINEST] [ForgeModLoader] Coremod plugin NEICorePlugin run successfully
2025-03-16 23:10:32 [FINEST] [ForgeModLoader] Running coremod plugin CoreLoader
2025-03-16 23:10:32 [FINEST] [ForgeModLoader] Coremod plugin CoreLoader run successfully
2025-03-16 23:10:32 [FINEST] [ForgeModLoader] Running coremod plugin NEITweaker
2025-03-16 23:10:32 [FINEST] [ForgeModLoader] Coremod plugin NEITweaker run successfully
2025-03-16 23:10:32 [FINEST] [ForgeModLoader] Validating minecraft
2025-03-16 23:10:32 [FINEST] [ForgeModLoader] Minecraft validated, launching...
2025-03-16 23:10:32 [INFO] [STDOUT] Inserted super call into avz.c
2025-03-16 23:10:32 [INFO] [STDOUT] avf was overriden from NotEnoughItems 1.4.7.0.jar
2025-03-16 23:10:33 [INFO] [STDOUT] Generated BlockMobSpawner helper method.
2025-03-16 23:10:33 [INFO] [STDOUT] 27 achievements
2025-03-16 23:10:33 [INFO] [STDOUT] 210 recipes
2025-03-16 23:10:33 [INFO] [STDOUT] Setting user: ChouRaiden1337, token:eyJraWQiOiJhYzg0YSIsImFsZyI6IkhTMjU2In0.eyJ4dWlkIjoiMjUzNTQ2MTY2NDYyMjI1NiIsImFnZyI6IkFkdWx0Iiwic3ViIjoiYzgwNGVlMjAtMTJlOC00OWVlLWI4MTAtMTBmZDIzMGU5NTM3IiwiYXV0aCI6IlhCT1giLCJucyI6ImRlZmF1bHQiLCJyb2xlcyI6W10sImlzcyI6ImF1dGhlbnRpY2F0aW9uIiwiZmxhZ3MiOlsidHdvZmFjdG9yYXV0aCIsIm1zYW1pZ3JhdGlvbl9zdGFnZTQiLCJvcmRlcnNfMjAyMiIsIm11bHRpcGxheWVyIl0sInByb2ZpbGVzIjp7Im1jIjoiY2FmNzVlZDctODlkNy00Y2ZhLTkyNGEtZTFiMmU4NjVmNTk1In0sInBsYXRmb3JtIjoiUENfTEFVTkNIRVIiLCJ5dWlkIjoiY2ZmYjJkMGU5NzE3OTc5Y2VkYjQ5M2MyZTU5OGE1MmYiLCJuYmYiOjE3NDIxNjMzOTksImV4cCI6MTc0MjI0OTc5OSwiaWF0IjoxNzQyMTYzMzk5fQ.Ia2u4rsA_1noCLqlhdvtg-zrpCPuBRA8h8K44fwt66A:caf75ed789d74cfa924ae1b2e865f595
2025-03-16 23:10:33 [INFO] [STDOUT] LWJGL Version: 2.9.4
2025-03-16 23:10:33 [INFO] [STDOUT] Brightness hook injected
2025-03-16 23:10:33 [INFO] [STDOUT] OptiFine_1.4.6_HD_U_D5
2025-03-16 23:10:33 [INFO] [STDOUT] Sun Mar 16 23:10:33 GMT 2025
2025-03-16 23:10:33 [INFO] [STDOUT] OS: Windows 11 (amd64) version 10.0
2025-03-16 23:10:33 [INFO] [STDOUT] Java: 1.8.0_441, Oracle Corporation
2025-03-16 23:10:33 [INFO] [STDOUT] VM: Java HotSpot(TM) 64-Bit Server VM (mixed mode), Oracle Corporation
2025-03-16 23:10:33 [INFO] [STDOUT] LWJGL: 2.9.4
2025-03-16 23:10:33 [INFO] [STDOUT] OpenGL: NVIDIA GeForce RTX 3060/PCIe/SSE2 version 4.6.0 NVIDIA 572.70, NVIDIA Corporation
2025-03-16 23:10:33 [INFO] [STDOUT] OpenGL Version: 4.0
2025-03-16 23:10:33 [INFO] [STDOUT] Checking for new version
2025-03-16 23:10:33 [INFO] [STDOUT] (Reflector) Class not present: LightCache
2025-03-16 23:10:33 [INFO] [STDOUT] (Reflector) Class not present: BlockCoord
