#
# A fatal error has been detected by the Java Runtime Environment:
#
#  EXCEPTION_ACCESS_VIOLATION (0xc0000005) at pc=0x0000021a29491066, pid=2680, tid=0x0000000000000d7c
#
# JRE version: Java(TM) SE Runtime Environment (8.0_391) (build 1.8.0_391-b13)
# Java VM: Java HotSpot(TM) 64-Bit Server VM (25.391-b13 mixed mode windows-amd64 compressed oops)
# Problematic frame:
# C  [OpenAL64.dll+0x11066]
#
# Failed to write core dump. Minidumps are not enabled by default on client versions of Windows
#
# If you would like to submit a bug report, please visit:
#   http://bugreport.java.com/bugreport/crash.jsp
# The crash happened outside the Java Virtual Machine in native code.
# See problematic frame for where to report the bug.
#

---------------  T H R E A D  ---------------

Current thread (0x0000021a2898a000):  JavaThread "Thread-17" [_thread_in_native, id=3452, stack(0x0000001b08d70000,0x0000001b08e70000)]

siginfo: ExceptionCode=0xc0000005, reading address 0x0000021a3006b004

Registers:
RAX=0x0000000000000004, RBX=0x0000021a2a0b0090, RCX=0x0000021a3006b008, RDX=0x0000021a3006b004
RSP=0x0000001b08e6ec70, RBP=0x00000000000000ff, RSI=0x0000021a3006919c, RDI=0x0000000000000000
R8 =0x000000000000079a, R9 =0x0000021a3006919c, R10=0x0000021a000199c2, R11=0x00007ff8c407d650
R12=0x0000000000000001, R13=0x0000021a2fab1dd0, R14=0x0000001b08e6ee08, R15=0x0000021a2898a000
RIP=0x0000021a29491066, EFLAGS=0x0000000000010202

Top of Stack: (sp=0x0000001b08e6ec70)
0x0000001b08e6ec70:   0000000000000004 0000021a2898a000
0x0000001b08e6ec80:   0000001b08e6ee08 0000021a2fab1dd0
0x0000001b08e6ec90:   0000021a2fab1dd0 00000005a80058e8
0x0000001b08e6eca0:   0000021a2898a000 0000000000000000
0x0000001b08e6ecb0:   0000001b08e6edd0 00007ff8c3f07a42
0x0000001b08e6ecc0:   0000001b08e6ecf0 0000021a2c94ab30
0x0000001b08e6ecd0:   0000021a2fab1dd0 0000021a2866da40
0x0000001b08e6ece0:   0000021a2898a000 0000001b08e6ee08
0x0000001b08e6ecf0:   0000021a2fab1dd0 0000000000000000
0x0000001b08e6ed00:   0000021a3006919c 00000005a80058e8
0x0000001b08e6ed10:   0000001b08e6edd0 0000021a2949248f
0x0000001b08e6ed20:   0000021a2a0b0090 0000021a2a0b0090
0x0000001b08e6ed30:   0000021a0000ac44 0000021a00000004
0x0000001b08e6ed40:   0000000000000010 0000021a000199ee
0x0000001b08e6ed50:   0000021a2fab1dd0 0000021a000196e5
0x0000001b08e6ed60:   0000021a2fab1dd0 0000001b08e6edd0 

Instructions: (pc=0x0000021a29491066)
0x0000021a29491046:   41 2b ec 81 3a 03 00 02 00 75 09 8b 01 89 84 24
0x0000021a29491056:   c8 00 00 00 49 83 c0 02 48 83 c1 08 4a 8d 14 86
0x0000021a29491066:   39 3a 75 af 4c 8d 84 24 c0 00 00 00 48 8d 15 d7
0x0000021a29491076:   2b 03 00 33 c9 e8 58 5f 00 00 b8 40 1f 00 00 4c 


Register to memory mapping:

RAX=0x0000000000000004 is an unknown value
RBX=0x0000021a2a0b0090 is an unknown value
RCX=0x0000021a3006b008 is an unknown value
RDX=0x0000021a3006b004 is an unknown value
RSP=0x0000001b08e6ec70 is pointing into the stack for thread: 0x0000021a2898a000
RBP=0x00000000000000ff is an unknown value
RSI=0x0000021a3006919c is an unknown value
RDI=0x0000000000000000 is an unknown value
R8 =0x000000000000079a is an unknown value
R9 =0x0000021a3006919c is an unknown value
R10=0x0000021a000199c2 is at code_begin+962 in an Interpreter codelet
method entry point (kind = native)  [0x0000021a00019600, 0x0000021a0001a0a0]  2720 bytes
R11=0x00007ff8c407d650 is an unknown value
R12=0x0000000000000001 is an unknown value
R13={method} {0x0000021a2fab1dd8} 'nalcCreateContext' '(JJ)J' in 'org/lwjgl/openal/ALC10'
R14=0x0000001b08e6ee08 is pointing into the stack for thread: 0x0000021a2898a000
R15=0x0000021a2898a000 is a thread


Stack: [0x0000001b08d70000,0x0000001b08e70000],  sp=0x0000001b08e6ec70,  free space=1019k
Native frames: (J=compiled Java code, j=interpreted, Vv=VM code, C=native code)
C  [OpenAL64.dll+0x11066]
C  [OpenAL64.dll+0x1248f]
C  0x0000021a000199ee

Java frames: (J=compiled Java code, j=interpreted, Vv=VM code)
j  org.lwjgl.openal.ALC10.nalcCreateContext(JJ)J+0
j  org.lwjgl.openal.ALC10.alcCreateContext(Lorg/lwjgl/openal/ALCdevice;Ljava/nio/IntBuffer;)Lorg/lwjgl/openal/ALCcontext;+8
j  org.lwjgl.openal.AL.init(Ljava/lang/String;IIZZ)V+69
j  org.lwjgl.openal.AL.create(Ljava/lang/String;IIZZ)V+246
j  org.lwjgl.openal.AL.create(Ljava/lang/String;IIZ)V+5
j  org.lwjgl.openal.AL.create()V+6
j  paulscode.sound.libraries.LibraryLWJGLOpenAL.init()V+2
j  paulscode.sound.SoundSystem.CommandNewLibrary(Ljava/lang/Class;)V+273
j  paulscode.sound.SoundSystem.CommandQueue(Lpaulscode/sound/CommandObject;)Z+1206
j  paulscode.sound.CommandThread.run()V+51
v  ~StubRoutines::call_stub

---------------  P R O C E S S  ---------------

Java Threads: ( => current thread )
  0x0000021a2898e800 JavaThread "Thread-18" [_thread_blocked, id=12332, stack(0x0000001b08f70000,0x0000001b09070000)]
=>0x0000021a2898a000 JavaThread "Thread-17" [_thread_in_native, id=3452, stack(0x0000001b08d70000,0x0000001b08e70000)]
  0x0000021a2898f800 JavaThread "Keep-Alive-SocketCleaner" daemon [_thread_blocked, id=8880, stack(0x0000001b08e70000,0x0000001b08f70000)]
  0x0000021a28988000 JavaThread "TC Aura Update Thread" [_thread_blocked, id=6632, stack(0x0000001b08c70000,0x0000001b08d70000)]
  0x0000021a2898e000 JavaThread "TC Aura Deletion Thread" [_thread_blocked, id=10932, stack(0x0000001b08b70000,0x0000001b08c70000)]
  0x0000021a2898c800 JavaThread "TC Aura Calculation Thread" [_thread_blocked, id=14472, stack(0x0000001b08a70000,0x0000001b08b70000)]
  0x0000021a28981800 JavaThread "Thread-12" [_thread_blocked, id=1476, stack(0x0000001b08970000,0x0000001b08a70000)]
  0x0000021a28980000 JavaThread "Thread-10" [_thread_blocked, id=11492, stack(0x0000001b07d00000,0x0000001b07e00000)]
  0x0000021a28981000 JavaThread "Keep-Alive-Timer" daemon [_thread_blocked, id=13052, stack(0x0000001b08870000,0x0000001b08970000)]
  0x0000021a28983800 JavaThread "DestroyJavaVM" [_thread_blocked, id=3896, stack(0x0000001b06000000,0x0000001b06100000)]
  0x0000021a2897d000 JavaThread "Minecraft main thread" [_thread_blocked, id=10504, stack(0x0000001b08160000,0x0000001b08260000)]
  0x0000021a28984000 JavaThread "Timer hack thread" daemon [_thread_blocked, id=3900, stack(0x0000001b08060000,0x0000001b08160000)]
  0x0000021a28982800 JavaThread "Snooper Timer" daemon [_thread_blocked, id=8240, stack(0x0000001b07f60000,0x0000001b08060000)]
  0x0000021a284a2800 JavaThread "Thread-3" [_thread_blocked, id=5916, stack(0x0000001b07e00000,0x0000001b07f00000)]
  0x0000021a27fdb000 JavaThread "D3D Screen Updater" daemon [_thread_blocked, id=8180, stack(0x0000001b07c00000,0x0000001b07d00000)]
  0x0000021a27fd7800 JavaThread "AWT-EventQueue-0" [_thread_blocked, id=1068, stack(0x0000001b07b00000,0x0000001b07c00000)]
  0x0000021a20df6000 JavaThread "AWT-Windows" daemon [_thread_in_native, id=1816, stack(0x0000001b07800000,0x0000001b07900000)]
  0x0000021a20dfc800 JavaThread "AWT-Shutdown" [_thread_blocked, id=6680, stack(0x0000001b07700000,0x0000001b07800000)]
  0x0000021a20df6800 JavaThread "Java2D Disposer" daemon [_thread_blocked, id=1392, stack(0x0000001b07600000,0x0000001b07700000)]
  0x0000021a20a5a800 JavaThread "Service Thread" daemon [_thread_blocked, id=5536, stack(0x0000001b07400000,0x0000001b07500000)]
  0x0000021a7f5ab800 JavaThread "C1 CompilerThread3" daemon [_thread_blocked, id=6524, stack(0x0000001b07300000,0x0000001b07400000)]
  0x0000021a7f5a9000 JavaThread "C2 CompilerThread2" daemon [_thread_blocked, id=13500, stack(0x0000001b07200000,0x0000001b07300000)]
  0x0000021a7f599800 JavaThread "C2 CompilerThread1" daemon [_thread_blocked, id=14148, stack(0x0000001b07100000,0x0000001b07200000)]
  0x0000021a7f596000 JavaThread "C2 CompilerThread0" daemon [_thread_blocked, id=8600, stack(0x0000001b07000000,0x0000001b07100000)]
  0x0000021a7f594800 JavaThread "Attach Listener" daemon [_thread_blocked, id=11972, stack(0x0000001b06f00000,0x0000001b07000000)]
  0x0000021a7f593800 JavaThread "Signal Dispatcher" daemon [_thread_blocked, id=13472, stack(0x0000001b06e00000,0x0000001b06f00000)]
  0x0000021a7f572000 JavaThread "Finalizer" daemon [_thread_blocked, id=14332, stack(0x0000001b06d00000,0x0000001b06e00000)]
  0x0000021a7f54a800 JavaThread "Reference Handler" daemon [_thread_blocked, id=3856, stack(0x0000001b06c00000,0x0000001b06d00000)]

Other Threads:
  0x0000021a7f543000 VMThread [stack: 0x0000001b06b00000,0x0000001b06c00000] [id=4520]
  0x0000021a20a7c800 WatcherThread [stack: 0x0000001b07500000,0x0000001b07600000] [id=10488]

VM state:not at safepoint (normal execution)

VM Mutex/Monitor currently owned by a thread: None

heap address: 0x00000005a8000000, size: 8576 MB, Compressed Oops mode: Zero based, Oop shift amount: 3
Narrow klass base: 0x0000000000000000, Narrow klass shift: 3
Compressed class space size: 1073741824 Address: 0x00000007c0000000

Heap:
 PSYoungGen      total 574976K, used 89414K [0x000000070d580000, 0x0000000734b80000, 0x00000007c0000000)
  eden space 538624K, 12% used [0x000000070d580000,0x00000007119d74a8,0x000000072e380000)
  from space 36352K, 53% used [0x0000000732800000,0x0000000733afa520,0x0000000734b80000)
  to   space 53248K, 0% used [0x000000072e380000,0x000000072e380000,0x0000000731780000)
 ParOldGen       total 699392K, used 52279K [0x00000005a8000000, 0x00000005d2b00000, 0x000000070d580000)
  object space 699392K, 7% used [0x00000005a8000000,0x00000005ab30ddc8,0x00000005d2b00000)
 Metaspace       used 50429K, capacity 50887K, committed 51456K, reserved 1093632K
  class space    used 6962K, capacity 7112K, committed 7168K, reserved 1048576K

Card table byte_map: [0x0000021a7b140000,0x0000021a7c210000] byte_map_base: 0x0000021a78400000

Marking Bits: (ParMarkBitMap*) 0x00007ff8c4676040
 Begin Bits: [0x0000021a0f000000, 0x0000021a17600000)
 End Bits:   [0x0000021a17600000, 0x0000021a1fc00000)

Polling page: 0x0000021a79460000

CodeCache: size=245760Kb used=17243Kb max_used=17830Kb free=228516Kb
 bounds [0x0000021a00000000, 0x0000021a01190000, 0x0000021a0f000000]
 total_blobs=5063 nmethods=4149 adapters=827
 compilation: enabled

Compilation events (10 events):
Event: 13.176 Thread 0x0000021a7f599800 nmethod 5169 0x0000021a00ed9ed0 code [0x0000021a00eda100, 0x0000021a00edbd20]
Event: 13.181 Thread 0x0000021a7f596000 nmethod 5175 0x0000021a00e27610 code [0x0000021a00e27820, 0x0000021a00e29640]
Event: 13.193 Thread 0x0000021a7f5ab800 5185       3       java.util.regex.Pattern::range (279 bytes)
Event: 13.195 Thread 0x0000021a7f5ab800 nmethod 5185 0x0000021a006ab610 code [0x0000021a006abac0, 0x0000021a006ae5e0]
Event: 13.195 Thread 0x0000021a7f5ab800 5186       1       java.util.regex.Pattern::flags (5 bytes)
Event: 13.195 Thread 0x0000021a7f5ab800 nmethod 5186 0x0000021a00e12cd0 code [0x0000021a00e12e20, 0x0000021a00e12f38]
Event: 13.197 Thread 0x0000021a7f5a9000 5187       4       java.util.zip.ZipEntry::setExtra0 (360 bytes)
Event: 13.206 Thread 0x0000021a7f5a9000 nmethod 5187 0x0000021a0064e9d0 code [0x0000021a0064ebc0, 0x0000021a0064fbb8]
Event: 13.412 Thread 0x0000021a7f5ab800 5188       3       java.lang.ThreadLocal::setInitialValue (50 bytes)
Event: 13.412 Thread 0x0000021a7f5ab800 nmethod 5188 0x0000021a00aad290 code [0x0000021a00aad480, 0x0000021a00aade40]

GC Heap History (10 events):
Event: 6.023 GC heap before
{Heap before GC invocations=4 (full 1):
 PSYoungGen      total 305664K, used 299832K [0x000000070d580000, 0x000000072a100000, 0x00000007c0000000)
  eden space 262144K, 100% used [0x000000070d580000,0x000000071d580000,0x000000071d580000)
  from space 43520K, 86% used [0x0000000720000000,0x00000007224ce060,0x0000000722a80000)
  to   space 43520K, 0% used [0x000000071d580000,0x000000071d580000,0x0000000720000000)
 ParOldGen       total 699392K, used 32262K [0x00000005a8000000, 0x00000005d2b00000, 0x000000070d580000)
  object space 699392K, 4% used [0x00000005a8000000,0x00000005a9f81820,0x00000005d2b00000)
 Metaspace       used 31938K, capacity 32309K, committed 32896K, reserved 1077248K
  class space    used 4003K, capacity 4105K, committed 4224K, reserved 1048576K
Event: 6.044 GC heap after
Heap after GC invocations=4 (full 1):
 PSYoungGen      total 305664K, used 43511K [0x000000070d580000, 0x0000000729f80000, 0x00000007c0000000)
  eden space 262144K, 0% used [0x000000070d580000,0x000000070d580000,0x000000071d580000)
  from space 43520K, 99% used [0x000000071d580000,0x000000071fffdc40,0x0000000720000000)
  to   space 43520K, 0% used [0x0000000727500000,0x0000000727500000,0x0000000729f80000)
 ParOldGen       total 699392K, used 35140K [0x00000005a8000000, 0x00000005d2b00000, 0x000000070d580000)
  object space 699392K, 5% used [0x00000005a8000000,0x00000005aa2513d0,0x00000005d2b00000)
 Metaspace       used 31938K, capacity 32309K, committed 32896K, reserved 1077248K
  class space    used 4003K, capacity 4105K, committed 4224K, reserved 1048576K
}
Event: 6.855 GC heap before
{Heap before GC invocations=5 (full 1):
 PSYoungGen      total 305664K, used 231906K [0x000000070d580000, 0x0000000729f80000, 0x00000007c0000000)
  eden space 262144K, 71% used [0x000000070d580000,0x0000000718d7aec8,0x000000071d580000)
  from space 43520K, 99% used [0x000000071d580000,0x000000071fffdc40,0x0000000720000000)
  to   space 43520K, 0% used [0x0000000727500000,0x0000000727500000,0x0000000729f80000)
 ParOldGen       total 699392K, used 35140K [0x00000005a8000000, 0x00000005d2b00000, 0x000000070d580000)
  object space 699392K, 5% used [0x00000005a8000000,0x00000005aa2513d0,0x00000005d2b00000)
 Metaspace       used 34764K, capacity 35133K, committed 35496K, reserved 1081344K
  class space    used 4444K, capacity 4565K, committed 4608K, reserved 1048576K
Event: 6.867 GC heap after
Heap after GC invocations=5 (full 1):
 PSYoungGen      total 425472K, used 25999K [0x000000070d580000, 0x000000072a600000, 0x00000007c0000000)
  eden space 381952K, 0% used [0x000000070d580000,0x000000070d580000,0x0000000724a80000)
  from space 43520K, 59% used [0x0000000727500000,0x0000000728e63fd0,0x0000000729f80000)
  to   space 43520K, 0% used [0x0000000724a80000,0x0000000724a80000,0x0000000727500000)
 ParOldGen       total 699392K, used 35148K [0x00000005a8000000, 0x00000005d2b00000, 0x000000070d580000)
  object space 699392K, 5% used [0x00000005a8000000,0x00000005aa2533d0,0x00000005d2b00000)
 Metaspace       used 34764K, capacity 35133K, committed 35496K, reserved 1081344K
  class space    used 4444K, capacity 4565K, committed 4608K, reserved 1048576K
}
Event: 6.867 GC heap before
{Heap before GC invocations=6 (full 2):
 PSYoungGen      total 425472K, used 25999K [0x000000070d580000, 0x000000072a600000, 0x00000007c0000000)
  eden space 381952K, 0% used [0x000000070d580000,0x000000070d580000,0x0000000724a80000)
  from space 43520K, 59% used [0x0000000727500000,0x0000000728e63fd0,0x0000000729f80000)
  to   space 43520K, 0% used [0x0000000724a80000,0x0000000724a80000,0x0000000727500000)
 ParOldGen       total 699392K, used 35148K [0x00000005a8000000, 0x00000005d2b00000, 0x000000070d580000)
  object space 699392K, 5% used [0x00000005a8000000,0x00000005aa2533d0,0x00000005d2b00000)
 Metaspace       used 34764K, capacity 35133K, committed 35496K, reserved 1081344K
  class space    used 4444K, capacity 4565K, committed 4608K, reserved 1048576K
Event: 6.917 GC heap after
Heap after GC invocations=6 (full 2):
 PSYoungGen      total 425472K, used 0K [0x000000070d580000, 0x000000072a600000, 0x00000007c0000000)
  eden space 381952K, 0% used [0x000000070d580000,0x000000070d580000,0x0000000724a80000)
  from space 43520K, 0% used [0x0000000727500000,0x0000000727500000,0x0000000729f80000)
  to   space 43520K, 0% used [0x0000000724a80000,0x0000000724a80000,0x0000000727500000)
 ParOldGen       total 699392K, used 52180K [0x00000005a8000000, 0x00000005d2b00000, 0x000000070d580000)
  object space 699392K, 7% used [0x00000005a8000000,0x00000005ab2f5168,0x00000005d2b00000)
 Metaspace       used 34764K, capacity 35133K, committed 35496K, reserved 1081344K
  class space    used 4444K, capacity 4565K, committed 4608K, reserved 1048576K
}
Event: 9.406 GC heap before
{Heap before GC invocations=7 (full 2):
 PSYoungGen      total 425472K, used 381952K [0x000000070d580000, 0x000000072a600000, 0x00000007c0000000)
  eden space 381952K, 100% used [0x000000070d580000,0x0000000724a80000,0x0000000724a80000)
  from space 43520K, 0% used [0x0000000727500000,0x0000000727500000,0x0000000729f80000)
  to   space 43520K, 0% used [0x0000000724a80000,0x0000000724a80000,0x0000000727500000)
 ParOldGen       total 699392K, used 52180K [0x00000005a8000000, 0x00000005d2b00000, 0x000000070d580000)
  object space 699392K, 7% used [0x00000005a8000000,0x00000005ab2f5168,0x00000005d2b00000)
 Metaspace       used 42135K, capacity 42595K, committed 43264K, reserved 1087488K
  class space    used 5630K, capacity 5762K, committed 5888K, reserved 1048576K
Event: 9.414 GC heap after
Heap after GC invocations=7 (full 2):
 PSYoungGen      total 425472K, used 12889K [0x000000070d580000, 0x0000000735d00000, 0x00000007c0000000)
  eden space 381952K, 0% used [0x000000070d580000,0x000000070d580000,0x0000000724a80000)
  from space 43520K, 29% used [0x0000000724a80000,0x0000000725716768,0x0000000727500000)
  to   space 54272K, 0% used [0x0000000732800000,0x0000000732800000,0x0000000735d00000)
 ParOldGen       total 699392K, used 52271K [0x00000005a8000000, 0x00000005d2b00000, 0x000000070d580000)
  object space 699392K, 7% used [0x00000005a8000000,0x00000005ab30bdc8,0x00000005d2b00000)
 Metaspace       used 42135K, capacity 42595K, committed 43264K, reserved 1087488K
  class space    used 5630K, capacity 5762K, committed 5888K, reserved 1048576K
}
Event: 12.929 GC heap before
{Heap before GC invocations=8 (full 2):
 PSYoungGen      total 425472K, used 394841K [0x000000070d580000, 0x0000000735d00000, 0x00000007c0000000)
  eden space 381952K, 100% used [0x000000070d580000,0x0000000724a80000,0x0000000724a80000)
  from space 43520K, 29% used [0x0000000724a80000,0x0000000725716768,0x0000000727500000)
  to   space 54272K, 0% used [0x0000000732800000,0x0000000732800000,0x0000000735d00000)
 ParOldGen       total 699392K, used 52271K [0x00000005a8000000, 0x00000005d2b00000, 0x000000070d580000)
  object space 699392K, 7% used [0x00000005a8000000,0x00000005ab30bdc8,0x00000005d2b00000)
 Metaspace       used 49148K, capacity 49639K, committed 50176K, reserved 1093632K
  class space    used 6752K, capacity 6888K, committed 6912K, reserved 1048576K
Event: 12.941 GC heap after
Heap after GC invocations=8 (full 2):
 PSYoungGen      total 574976K, used 19433K [0x000000070d580000, 0x0000000734b80000, 0x00000007c0000000)
  eden space 538624K, 0% used [0x000000070d580000,0x000000070d580000,0x000000072e380000)
  from space 36352K, 53% used [0x0000000732800000,0x0000000733afa520,0x0000000734b80000)
  to   space 53248K, 0% used [0x000000072e380000,0x000000072e380000,0x0000000731780000)
 ParOldGen       total 699392K, used 52279K [0x00000005a8000000, 0x00000005d2b00000, 0x000000070d580000)
  object space 699392K, 7% used [0x00000005a8000000,0x00000005ab30ddc8,0x00000005d2b00000)
 Metaspace       used 49148K, capacity 49639K, committed 50176K, reserved 1093632K
  class space    used 6752K, capacity 6888K, committed 6912K, reserved 1048576K
}

Deoptimization events (10 events):
Event: 13.102 Thread 0x0000021a2897d000 Uncommon trap: reason=predicate action=maybe_recompile pc=0x0000021a00ab1cc8 method=java.awt.image.BufferedImage.getRGB(IIII[III)[I @ 181
Event: 13.103 Thread 0x0000021a2897d000 Uncommon trap: reason=predicate action=maybe_recompile pc=0x0000021a0083767c method=java.awt.image.BufferedImage.getRGB(IIII[III)[I @ 173
Event: 13.157 Thread 0x0000021a2897d000 Uncommon trap: reason=class_check action=maybe_recompile pc=0x0000021a00bed04c method=java.io.FilterReader.read()I @ 4
Event: 13.157 Thread 0x0000021a2897d000 Uncommon trap: reason=class_check action=maybe_recompile pc=0x0000021a00bed04c method=java.io.FilterReader.read()I @ 4
Event: 13.157 Thread 0x0000021a2897d000 Uncommon trap: reason=class_check action=maybe_recompile pc=0x0000021a00bed04c method=java.io.FilterReader.read()I @ 4
Event: 13.157 Thread 0x0000021a2897d000 Uncommon trap: reason=class_check action=maybe_recompile pc=0x0000021a00bed04c method=java.io.FilterReader.read()I @ 4
Event: 13.157 Thread 0x0000021a2897d000 Uncommon trap: reason=class_check action=maybe_recompile pc=0x0000021a0034c1e4 method=java.util.regex.Pattern$Ques.match(Ljava/util/regex/Matcher;ILjava/lang/CharSequence;)Z @ 68
Event: 13.158 Thread 0x0000021a2897d000 Uncommon trap: reason=class_check action=maybe_recompile pc=0x0000021a0034c1e4 method=java.util.regex.Pattern$Ques.match(Ljava/util/regex/Matcher;ILjava/lang/CharSequence;)Z @ 68
Event: 13.158 Thread 0x0000021a2897d000 Uncommon trap: reason=class_check action=maybe_recompile pc=0x0000021a0034c1e4 method=java.util.regex.Pattern$Ques.match(Ljava/util/regex/Matcher;ILjava/lang/CharSequence;)Z @ 68
Event: 13.158 Thread 0x0000021a2897d000 Uncommon trap: reason=class_check action=maybe_recompile pc=0x0000021a0034c1e4 method=java.util.regex.Pattern$Ques.match(Ljava/util/regex/Matcher;ILjava/lang/CharSequence;)Z @ 68

Classes redefined (0 events):
No events

Internal exceptions (10 events):
Event: 12.276 Thread 0x0000021a2897d000 Exception <a 'java/lang/NullPointerException'> (0x000000071a211d10) thrown at [C:\jenkins\workspace\8-2-build-windows-x64-cygwin-sans-NAS\jdk8u391\514\hotspot\src\share\vm\runtime\sharedRuntime.cpp, line 609]
Event: 12.791 Thread 0x0000021a2897d000 Implicit null exception at 0x0000021a010f6152 to 0x0000021a010f6739
Event: 12.791 Thread 0x0000021a2897d000 Implicit null exception at 0x0000021a00c88ab4 to 0x0000021a00c88d65
Event: 13.411 Thread 0x0000021a2898a000 Exception <a 'java/lang/InterruptedException': sleep interrupted> (0x00000007113d4538) thrown at [C:\jenkins\workspace\8-2-build-windows-x64-cygwin-sans-NAS\jdk8u391\514\hotspot\src\share\vm\prims\jvm.cpp, line 3359]
Event: 13.434 Thread 0x0000021a2898a000 Exception <a 'java/security/PrivilegedActionException'> (0x0000000711872f38) thrown at [C:\jenkins\workspace\8-2-build-windows-x64-cygwin-sans-NAS\jdk8u391\514\hotspot\src\share\vm\prims\jvm.cpp, line 1513]
Event: 13.434 Thread 0x0000021a2898a000 Exception <a 'java/security/PrivilegedActionException'> (0x00000007118748f0) thrown at [C:\jenkins\workspace\8-2-build-windows-x64-cygwin-sans-NAS\jdk8u391\514\hotspot\src\share\vm\prims\jvm.cpp, line 1513]
Event: 13.434 Thread 0x0000021a2898a000 Exception <a 'java/security/PrivilegedActionException'> (0x0000000711875990) thrown at [C:\jenkins\workspace\8-2-build-windows-x64-cygwin-sans-NAS\jdk8u391\514\hotspot\src\share\vm\prims\jvm.cpp, line 1513]
Event: 13.434 Thread 0x0000021a2898a000 Exception <a 'java/security/PrivilegedActionException'> (0x0000000711876898) thrown at [C:\jenkins\workspace\8-2-build-windows-x64-cygwin-sans-NAS\jdk8u391\514\hotspot\src\share\vm\prims\jvm.cpp, line 1513]
Event: 13.434 Thread 0x0000021a2898a000 Exception <a 'java/security/PrivilegedActionException'> (0x00000007118774d8) thrown at [C:\jenkins\workspace\8-2-build-windows-x64-cygwin-sans-NAS\jdk8u391\514\hotspot\src\share\vm\prims\jvm.cpp, line 1513]
Event: 13.434 Thread 0x0000021a2898a000 Exception <a 'java/security/PrivilegedActionException'> (0x00000007118780e8) thrown at [C:\jenkins\workspace\8-2-build-windows-x64-cygwin-sans-NAS\jdk8u391\514\hotspot\src\share\vm\prims\jvm.cpp, line 1513]

Events (10 events):
Event: 13.436 loading class org/lwjgl/openal/ALC10
Event: 13.436 loading class org/lwjgl/openal/ALC10 done
Event: 13.441 loading class org/lwjgl/openal/ALCdevice
Event: 13.441 loading class org/lwjgl/openal/ALCdevice done
Event: 13.441 loading class org/lwjgl/openal/ALCcontext
Event: 13.441 loading class org/lwjgl/openal/ALCcontext done
Event: 13.441 loading class org/lwjgl/openal/Util
Event: 13.441 loading class org/lwjgl/openal/Util done
Event: 13.441 loading class org/lwjgl/openal/OpenALException
Event: 13.441 loading class org/lwjgl/openal/OpenALException done


Dynamic libraries:
0x00007ff7ec3b0000 - 0x00007ff7ec3fa000 	C:\Program Files\Java\jre-1.8\bin\javaw.exe
0x00007ff91f5f0000 - 0x00007ff91f7e8000 	C:\WINDOWS\SYSTEM32\ntdll.dll
0x00007ff91db50000 - 0x00007ff91dc0d000 	C:\WINDOWS\System32\KERNEL32.DLL
0x00007ff91d070000 - 0x00007ff91d366000 	C:\WINDOWS\System32\KERNELBASE.dll
0x00007ff91e1d0000 - 0x00007ff91e27f000 	C:\WINDOWS\System32\ADVAPI32.dll
0x00007ff91d650000 - 0x00007ff91d6ee000 	C:\WINDOWS\System32\msvcrt.dll
0x00007ff91d9c0000 - 0x00007ff91da5c000 	C:\WINDOWS\System32\sechost.dll
0x00007ff91ded0000 - 0x00007ff91dff6000 	C:\WINDOWS\System32\RPCRT4.dll
0x00007ff91dc20000 - 0x00007ff91ddbe000 	C:\WINDOWS\System32\USER32.dll
0x00007ff91d520000 - 0x00007ff91d542000 	C:\WINDOWS\System32\win32u.dll
0x00007ff91edc0000 - 0x00007ff91edec000 	C:\WINDOWS\System32\GDI32.dll
0x00007ff91ce50000 - 0x00007ff91cf6a000 	C:\WINDOWS\System32\gdi32full.dll
0x00007ff91ccd0000 - 0x00007ff91cd6d000 	C:\WINDOWS\System32\msvcp_win.dll
0x00007ff91d550000 - 0x00007ff91d650000 	C:\WINDOWS\System32\ucrtbase.dll
0x00007ff912fc0000 - 0x00007ff91325a000 	C:\WINDOWS\WinSxS\amd64_microsoft.windows.common-controls_6595b64144ccf1df_6.0.19041.3636_none_60b6a03d71f818d5\COMCTL32.dll
0x00007ff91e190000 - 0x00007ff91e1c0000 	C:\WINDOWS\System32\IMM32.DLL
0x00007ff913650000 - 0x00007ff91366b000 	C:\Program Files\Java\jre-1.8\bin\vcruntime140.dll
0x00007ff916e20000 - 0x00007ff916e2c000 	C:\Program Files\Java\jre-1.8\bin\vcruntime140_1.dll
0x00007ff8c6090000 - 0x00007ff8c611e000 	C:\Program Files\Java\jre-1.8\bin\msvcp140.dll
0x00007ff8c3e40000 - 0x00007ff8c46f0000 	C:\Program Files\Java\jre-1.8\bin\server\jvm.dll
0x00007ff91e1c0000 - 0x00007ff91e1c8000 	C:\WINDOWS\System32\PSAPI.DLL
0x00007ff910a30000 - 0x00007ff910a57000 	C:\WINDOWS\SYSTEM32\WINMM.dll
0x00007ff917a10000 - 0x00007ff917a19000 	C:\WINDOWS\SYSTEM32\WSOCK32.dll
0x00007ff916240000 - 0x00007ff91624a000 	C:\WINDOWS\SYSTEM32\VERSION.dll
0x00007ff91f540000 - 0x00007ff91f5ab000 	C:\WINDOWS\System32\WS2_32.dll
0x00007ff91b570000 - 0x00007ff91b582000 	C:\WINDOWS\SYSTEM32\kernel.appcore.dll
0x00007ff913720000 - 0x00007ff913730000 	C:\Program Files\Java\jre-1.8\bin\verify.dll
0x00007ff8f49e0000 - 0x00007ff8f4a0b000 	C:\Program Files\Java\jre-1.8\bin\java.dll
0x00007ff913600000 - 0x00007ff913618000 	C:\Program Files\Java\jre-1.8\bin\zip.dll
0x00007ff91edf0000 - 0x00007ff91f534000 	C:\WINDOWS\System32\SHELL32.dll
0x00007ff91ad90000 - 0x00007ff91b52b000 	C:\WINDOWS\SYSTEM32\windows.storage.dll
0x00007ff91e8b0000 - 0x00007ff91ec04000 	C:\WINDOWS\System32\combase.dll
0x00007ff91c710000 - 0x00007ff91c73d000 	C:\WINDOWS\SYSTEM32\Wldp.dll
0x00007ff91e2a0000 - 0x00007ff91e34d000 	C:\WINDOWS\System32\SHCORE.dll
0x00007ff91e350000 - 0x00007ff91e3a5000 	C:\WINDOWS\System32\shlwapi.dll
0x00007ff91cc00000 - 0x00007ff91cc25000 	C:\WINDOWS\SYSTEM32\profapi.dll
0x00007ff8c0b90000 - 0x00007ff8c0d0f000 	C:\Program Files\Java\jre-1.8\bin\awt.dll
0x00007ff91d6f0000 - 0x00007ff91d7bd000 	C:\WINDOWS\System32\OLEAUT32.dll
0x00007ff9199f0000 - 0x00007ff919a80000 	C:\WINDOWS\SYSTEM32\apphelp.dll
0x00007ff91a480000 - 0x00007ff91a4af000 	C:\WINDOWS\system32\DWMAPI.DLL
0x00007ff91a200000 - 0x00007ff91a29e000 	C:\WINDOWS\system32\uxtheme.dll
0x00007ff8be7d0000 - 0x00007ff8be8f5000 	C:\WINDOWS\system32\opengl32.dll
0x00007ff8f49b0000 - 0x00007ff8f49dc000 	C:\WINDOWS\SYSTEM32\GLU32.dll
0x00007ff91d7c0000 - 0x00007ff91d8d4000 	C:\WINDOWS\System32\MSCTF.dll
0x00007ff91e000000 - 0x00007ff91e12b000 	C:\WINDOWS\System32\ole32.dll
0x00007ff91cf70000 - 0x00007ff91cff2000 	C:\WINDOWS\System32\bcryptPrimitives.dll
0x00007ff909530000 - 0x00007ff9096fd000 	C:\WINDOWS\system32\d3d9.dll
0x00007ff913e40000 - 0x00007ff913efc000 	C:\WINDOWS\System32\DriverStore\FileRepository\nvmdi.inf_amd64_1e678564fff99713\nvldumdx.dll
0x00007ff91c8a0000 - 0x00007ff91c8b2000 	C:\WINDOWS\SYSTEM32\msasn1.dll
0x00007ff916200000 - 0x00007ff916231000 	C:\WINDOWS\SYSTEM32\cryptnet.dll
0x00007ff91d3c0000 - 0x00007ff91d51d000 	C:\WINDOWS\System32\CRYPT32.dll
0x00007ff915d90000 - 0x00007ff915ed8000 	C:\WINDOWS\SYSTEM32\drvstore.dll
0x00007ff91ca60000 - 0x00007ff91ca93000 	C:\WINDOWS\SYSTEM32\devobj.dll
0x00007ff91d370000 - 0x00007ff91d3be000 	C:\WINDOWS\System32\cfgmgr32.dll
0x00007ff91c660000 - 0x00007ff91c66c000 	C:\WINDOWS\SYSTEM32\cryptbase.dll
0x00007ff91d000000 - 0x00007ff91d067000 	C:\WINDOWS\System32\wintrust.dll
0x00007ff91e280000 - 0x00007ff91e29d000 	C:\WINDOWS\System32\imagehlp.dll
0x00007ff91c670000 - 0x00007ff91c688000 	C:\WINDOWS\SYSTEM32\CRYPTSP.dll
0x00007ff91bd30000 - 0x00007ff91bd64000 	C:\WINDOWS\system32\rsaenh.dll
0x00007ff91ce20000 - 0x00007ff91ce47000 	C:\WINDOWS\System32\bcrypt.dll
0x00007ff90d910000 - 0x00007ff90fafe000 	C:\WINDOWS\System32\DriverStore\FileRepository\nvmdi.inf_amd64_1e678564fff99713\nvgpucomp64.dll
0x00007ff8b2fd0000 - 0x00007ff8b5995000 	C:\WINDOWS\System32\DriverStore\FileRepository\nvmdi.inf_amd64_1e678564fff99713\nvd3dumx.dll
0x00007ff8d38d0000 - 0x00007ff8d3ba1000 	C:\WINDOWS\system32\nvspcap64.dll
0x00007ff91be70000 - 0x00007ff91bea3000 	C:\WINDOWS\SYSTEM32\ntmarta.dll
0x00007ff91b540000 - 0x00007ff91b563000 	C:\WINDOWS\SYSTEM32\gpapi.dll
0x00007ff914110000 - 0x00007ff91414b000 	C:\WINDOWS\SYSTEM32\dxcore.dll
0x00007ff8ed870000 - 0x00007ff8ed8bf000 	C:\Program Files\Java\jre-1.8\bin\fontmanager.dll
0x00007ff90c110000 - 0x00007ff90c12c000 	C:\Program Files\Java\jre-1.8\bin\net.dll
0x00007ff91c470000 - 0x00007ff91c4da000 	C:\WINDOWS\system32\mswsock.dll
0x00007ff90bfa0000 - 0x00007ff90bfb3000 	C:\Program Files\Java\jre-1.8\bin\nio.dll
0x00007ff8ec740000 - 0x00007ff8ec783000 	C:\Program Files\Java\jre-1.8\bin\t2k.dll
0x00007ff8fb5b0000 - 0x00007ff8fb6aa000 	C:\WINDOWS\SYSTEM32\textinputframework.dll
0x00007ff919080000 - 0x00007ff919172000 	C:\WINDOWS\System32\CoreMessaging.dll
0x00007ff918d20000 - 0x00007ff91907b000 	C:\WINDOWS\System32\CoreUIComponents.dll
0x00007ff919180000 - 0x00007ff9192d5000 	C:\WINDOWS\SYSTEM32\wintypes.dll
0x00007ff8f2370000 - 0x00007ff8f239a000 	C:\Program Files\Java\jre-1.8\bin\dcpr.dll
0x0000000180000000 - 0x0000000180053000 	E:\Programas Sem Instalacao\MultiMC\instances\Modpack 1.4.7\natives\lwjgl64.dll
0x00007ff91cbc0000 - 0x00007ff91cbee000 	C:\WINDOWS\SYSTEM32\USERENV.dll
0x00007ff91c110000 - 0x00007ff91c14b000 	C:\WINDOWS\SYSTEM32\IPHLPAPI.DLL
0x00007ff91dc10000 - 0x00007ff91dc18000 	C:\WINDOWS\System32\NSI.dll
0x00007ff9161e0000 - 0x00007ff9161f7000 	C:\WINDOWS\SYSTEM32\dhcpcsvc6.DLL
0x00007ff916490000 - 0x00007ff9164ad000 	C:\WINDOWS\SYSTEM32\dhcpcsvc.DLL
0x00007ff91c160000 - 0x00007ff91c22a000 	C:\WINDOWS\SYSTEM32\DNSAPI.dll
0x00007ff916290000 - 0x00007ff91633e000 	C:\WINDOWS\SYSTEM32\mscms.dll
0x00007ff916270000 - 0x00007ff916281000 	C:\WINDOWS\SYSTEM32\ColorAdapterClient.dll
0x00007ff903850000 - 0x00007ff903857000 	C:\Program Files\Java\jre-1.8\bin\jawt.dll
0x00007ff91de20000 - 0x00007ff91dec9000 	C:\WINDOWS\System32\clbcatq.dll
0x00007ff917010000 - 0x00007ff917112000 	C:\Windows\System32\AppXDeploymentClient.dll
0x00007ff8b03e0000 - 0x00007ff8b2fcc000 	C:\WINDOWS\System32\DriverStore\FileRepository\nvmdi.inf_amd64_1e678564fff99713\nvoglv64.dll
0x00007ff91e3b0000 - 0x00007ff91e81e000 	C:\WINDOWS\System32\SETUPAPI.dll
0x00007ff917b00000 - 0x00007ff917b14000 	C:\WINDOWS\SYSTEM32\WTSAPI32.dll
0x00007ff91c280000 - 0x00007ff91c2cb000 	C:\WINDOWS\SYSTEM32\powrprof.dll
0x00007ff91c0f0000 - 0x00007ff91c102000 	C:\WINDOWS\SYSTEM32\UMPDC.dll
0x00007ff91b9c0000 - 0x00007ff91ba1b000 	C:\WINDOWS\SYSTEM32\WINSTA.dll
0x00007ff911ad0000 - 0x00007ff911ada000 	C:\Windows\System32\rasadhlp.dll
0x00007ff911d60000 - 0x00007ff911de0000 	C:\WINDOWS\System32\fwpuclnt.dll
0x00007ff8dfac0000 - 0x00007ff8dfae5000 	C:\Program Files\Java\jre-1.8\bin\sunec.dll
0x00007ff903840000 - 0x00007ff90384d000 	C:\Program Files\Java\jre-1.8\bin\sunmscapi.dll
0x00007ff91c780000 - 0x00007ff91c7a7000 	C:\WINDOWS\SYSTEM32\ncrypt.dll
0x00007ff91c740000 - 0x00007ff91c77b000 	C:\WINDOWS\SYSTEM32\NTASN1.dll
0x0000021a29480000 - 0x0000021a294e4000 	E:\Programas Sem Instalacao\MultiMC\instances\Modpack 1.4.7\natives\OpenAL64.dll
0x00007ff915610000 - 0x00007ff915695000 	C:\WINDOWS\System32\MMDevApi.dll
0x00007ff8f8570000 - 0x00007ff8f860c000 	C:\WINDOWS\SYSTEM32\dsound.dll
0x00007ff90b620000 - 0x00007ff90b646000 	C:\WINDOWS\SYSTEM32\winmmbase.dll
0x00007ff915c00000 - 0x00007ff915d82000 	C:\WINDOWS\SYSTEM32\AUDIOSES.DLL
0x00007ff91a8c0000 - 0x00007ff91aaa4000 	C:\WINDOWS\SYSTEM32\dbghelp.dll

VM Arguments:
jvm_args: -Dfml.ignoreInvalidMinecraftCertificates=true -Dfml.ignorePatchDiscrepancies=true -XX:HeapDumpPath=MojangTricksIntelDriversForPerformance_javaw.exe_minecraft.exe.heapdump -Xms1024m -Xmx8576m -Duser.language=en -Djava.library.path=E:/Programas Sem Instalacao/MultiMC/instances/Modpack 1.4.7/natives 
java_command: org.multimc.EntryPoint
java_class_path (initial): E:/Programas Sem Instalacao/MultiMC/jars/NewLaunch.jar;E:/Programas Sem Instalacao/MultiMC/libraries/net/java/jinput/jinput/2.0.5/jinput-2.0.5.jar;E:/Programas Sem Instalacao/MultiMC/libraries/net/java/jutils/jutils/1.0.0/jutils-1.0.0.jar;E:/Programas Sem Instalacao/MultiMC/libraries/org/lwjgl/lwjgl/lwjgl/2.9.4-nightly-20150209/lwjgl-2.9.4-nightly-20150209.jar;E:/Programas Sem Instalacao/MultiMC/libraries/org/lwjgl/lwjgl/lwjgl_util/2.9.4-nightly-20150209/lwjgl_util-2.9.4-nightly-20150209.jar;E:/Programas Sem Instalacao/MultiMC/instances/Modpack 1.4.7/.minecraft/bin/minecraft.jar
Launcher Type: SUN_STANDARD

Environment Variables:
PATH=C:\Program Files (x86)\Common Files\Oracle\Java\javapath;C:\WINDOWS\system32;C:\WINDOWS;C:\WINDOWS\System32\Wbem;C:\WINDOWS\System32\WindowsPowerShell\v1.0\;C:\WINDOWS\System32\OpenSSH\;C:\Program Files\nodejs\;C:\Program Files\Git\cmd;C:\Program Files\dotnet\;C:\Program Files\NVIDIA Corporation\NVIDIA NvDLISR;C:\Program Files (x86)\NVIDIA Corporation\PhysX\Common;C:\Users\ChouKpop\AppData\Local\Programs\Python\Launcher\;C:\Users\ChouKpop\AppData\Local\Microsoft\WindowsApps;C:\Users\ChouKpop\AppData\Roaming\npm;C:\Users\ChouKpop\AppData\Local\spicetify;C:\Users\ChouKpop\AppData\Local\Programs\Microsoft VS Code\bin;C:\Users\ChouKpop\AppData\Local\GitHubDesktop\bin;D:\Programas\Fiddler
USERNAME=ChouKpop
OS=Windows_NT
PROCESSOR_IDENTIFIER=AMD64 Family 23 Model 113 Stepping 0, AuthenticAMD



---------------  S Y S T E M  ---------------

OS: Windows 10 , 64 bit Build 19041 (10.0.19041.3636)

CPU:total 12 (initial active 12) (12 cores per cpu, 1 threads per core) family 23 model 113 stepping 0, cmov, cx8, fxsr, mmx, sse, sse2, sse3, ssse3, sse4.1, sse4.2, popcnt, avx, avx2, aes, clmul, mmxext, 3dnowpref, lzcnt, sse4a, tsc, tscinvbit, tscinv, bmi1

Memory: 4k page, physical 16701660k(7749740k free), swap 33478876k(19558552k free)

vm_info: Java HotSpot(TM) 64-Bit Server VM (25.391-b13) for windows-amd64 JRE (1.8.0_391-b13), built on Oct  4 2023 07:54:08 by "java_re" with MS VC++ 17.1 (VS2022)

time: Wed Nov 29 17:09:13 2023
timezone: Hora padrão de GMT
elapsed time: 13.461766 seconds (0d 0h 0m 13s)

