
OptiFine_1.4.6_HD_U_D5
Fri Jun 07 15:14:26 BST 2024
OS: Windows 10 (amd64) version 10.0
Java: 1.8.0_411, Oracle Corporation
VM: Java HotSpot(TM) 64-Bit Server VM (mixed mode), Oracle Corporation
LWJGL: 2.9.4
OpenGL: NVIDIA GeForce RTX 3060/PCIe/SSE2 version 4.6.0 NVIDIA 555.99, NVIDIA Corporation
OpenGL Version: 4.0
(Reflector) Class not present: LightCache
(Reflector) Class not present: BlockCoord
TextureFX registered: ic2.core.TextureLiquidFX@70ea4674, texId: 11, index: 202
TextureFX registered: bdj@3efaf6e3, texId: 19, index: 237
TextureFX registered: bdm@33da4645, texId: 19, index: 205
TextureFX registered: bdk@66a7460a, texId: 19, index: 14
TextureFX registered: bdf@1c2fb837, texId: 20, index: 54
TextureFX registered: bde@d6f8085, texId: 20, index: 70
TextureFX registered: bdl@9bb239f, texId: 19, index: 206
TextureFX registered: bdi@30bcf315, texId: 19, index: 238
TextureFX registered: bdh@2f460d98, texId: 19, index: 31
TextureFX registered: bdh@544c96ab, texId: 19, index: 47
TextureFX removed: bdj@3efaf6e3, texId: 19, index: 237
TextureFX registered: TextureHDLavaFX@7796db89, texId: 19, index: 237
TextureFX removed: bdm@33da4645, texId: 19, index: 205
TextureFX registered: TextureHDWaterFX@4b372463, texId: 19, index: 205
TextureFX removed: bdk@66a7460a, texId: 19, index: 14
TextureFX registered: TextureHDPortalFX@4aa6d98f, texId: 19, index: 14
TextureFX removed: bdl@9bb239f, texId: 19, index: 206
TextureFX registered: TextureHDWaterFlowFX@2171a05e, texId: 19, index: 206
TextureFX removed: bdi@30bcf315, texId: 19, index: 238
TextureFX registered: TextureHDLavaFlowFX@607a6d6a, texId: 19, index: 238
TextureFX removed: bdh@2f460d98, texId: 19, index: 31
TextureFX registered: TextureHDFlamesFX@6e0a9047, texId: 19, index: 31
TextureFX removed: bdh@544c96ab, texId: 19, index: 47
TextureFX registered: TextureHDFlamesFX@4255ae88, texId: 19, index: 47
TextureFX removed: bdf@1c2fb837, texId: 20, index: 54
TextureFX registered: TextureHDCompassFX@19402bf5, texId: 20, index: 54
TextureFX removed: bde@d6f8085, texId: 20, index: 70
TextureFX registered: TextureHDWatchFX@271a4e7d, texId: 20, index: 70
TextureFX registered: TextureHDCustomFX@f2dc93f, texId: 19, index: 61
TextureFX registered: TextureHDCustomFX@44b6d32f, texId: 19, index: 103
Loading custom colors: /misc/grasscolor.png
Loading custom colors: /misc/foliagecolor.png
Loading custom colors: /misc/swampgrasscolor.png
Loading custom colors: /misc/swampfoliagecolor.png
Loading custom colors: /misc/skycolor0.png
Loading custom colors: /misc/fogcolor0.png
Loading custom colors: /misc/underwatercolor.png
Loading /color.properties
Custom color: drop.water = 93b9f1
Custom color: fog.nether = 4d0b0b
Custom color: fog.end = 150018
Custom color: sky.end = 000000
Block palette: palette.block./misc/stonecolor.png = 1 4 13 14 15 16 21 23 24 29 33 43 44 48 56 61 62 67 70 73 74 82 93 94 97 98 109 128 129
Loading custom colors: /misc/stonecolor.png
Block palette: palette.block./misc/sandcolor.png = 12
Loading custom colors: /misc/sandcolor.png
TextureFX registered: buildcraft.energy.render.TextureOilFX@22764315, texId: 27, index: 205
TextureFX registered: buildcraft.energy.render.TextureFuelFX@67ea2801, texId: 28, index: 0
TextureFX registered: buildcraft.energy.render.TextureOilFlowFX@784833c4, texId: 27, index: 206
TextureFX registered: com.pahimar.ee3.client.renderer.texturefx.TextureRedWaterFX@78fe0079, texId: 114, index: 205
TextureFX registered: com.pahimar.ee3.client.renderer.texturefx.TextureRedWaterFlowFX@296df7e, texId: 114, index: 206
TextureFX registered: alz.mods.enhancedportals.client.TextureNetherPortalFX@105e65fe, texId: 116, index: 0
TextureFX registered: alz.mods.enhancedportals.client.TextureNetherPortalFX@4c10e8f2, texId: 116, index: 1
TextureFX registered: alz.mods.enhancedportals.client.TextureNetherPortalFX@726135d2, texId: 116, index: 2
TextureFX registered: alz.mods.enhancedportals.client.TextureNetherPortalFX@294f2159, texId: 116, index: 3
TextureFX registered: alz.mods.enhancedportals.client.TextureNetherPortalFX@452149d5, texId: 116, index: 4
TextureFX registered: alz.mods.enhancedportals.client.TextureNetherPortalFX@bfd8d78, texId: 116, index: 5
TextureFX registered: alz.mods.enhancedportals.client.TextureNetherPortalFX@509b7c1a, texId: 116, index: 6
TextureFX registered: alz.mods.enhancedportals.client.TextureNetherPortalFX@2d41eef6, texId: 116, index: 7
TextureFX registered: alz.mods.enhancedportals.client.TextureNetherPortalFX@360ffbda, texId: 116, index: 8
TextureFX registered: alz.mods.enhancedportals.client.TextureNetherPortalFX@3201ec63, texId: 116, index: 9
TextureFX registered: alz.mods.enhancedportals.client.TextureNetherPortalFX@7b43ff2a, texId: 116, index: 10
TextureFX registered: alz.mods.enhancedportals.client.TextureNetherPortalFX@58dd11dd, texId: 116, index: 11
TextureFX registered: alz.mods.enhancedportals.client.TextureNetherPortalFX@c7c87b, texId: 116, index: 12
TextureFX registered: alz.mods.enhancedportals.client.TextureNetherPortalFX@49911f38, texId: 116, index: 13
TextureFX registered: alz.mods.enhancedportals.client.TextureNetherPortalFX@699bbd62, texId: 116, index: 14
TextureFX registered: alz.mods.enhancedportals.client.TextureNetherPortalFX@5d089ad6, texId: 116, index: 15
TextureFX registered: thermalexpansion.core.render.TextureRedstoneFX@27a4a9a, texId: 45, index: 0
TextureFX registered: thermalexpansion.core.render.TextureRedstoneFX@88632bf, texId: 45, index: 1
TextureFX registered: thermalexpansion.core.render.TextureRedstoneFX@67ca3335, texId: 45, index: 2
TextureFX registered: thermalexpansion.core.render.TextureRedstoneFX@359d7330, texId: 45, index: 3
TextureFX registered: thermalexpansion.core.render.TextureRedstoneFX@6563c183, texId: 45, index: 4
TextureFX registered: thermalexpansion.core.render.TextureRedstoneFX@5c49045a, texId: 45, index: 5
TextureFX registered: thermalexpansion.core.render.TextureRedstoneFX@6a2cd77d, texId: 45, index: 6
TextureFX registered: thermalexpansion.core.render.TextureRedstoneFX@34f63dfb, texId: 45, index: 7
TextureFX registered: thermalexpansion.core.render.TextureRedstoneFX@4f628d3f, texId: 45, index: 8
TextureFX registered: thermalexpansion.core.render.TextureRedstoneFX@5b9d2b5d, texId: 45, index: 9
TextureFX registered: thermalexpansion.core.render.TextureRedstoneFX@5786886c, texId: 45, index: 10
TextureFX registered: thermalexpansion.core.render.TextureRedstoneFX@521a6e82, texId: 45, index: 11
TextureFX registered: thermalexpansion.core.render.TextureRedstoneFX@9ca1a8b, texId: 45, index: 12
TextureFX registered: thermalexpansion.core.render.TextureRedstoneFX@3bbf0f2c, texId: 45, index: 13
TextureFX registered: thermalexpansion.core.render.TextureRedstoneFX@589925df, texId: 45, index: 14
TextureFX registered: thermalexpansion.core.render.TextureRedstoneFX@59762e30, texId: 45, index: 15
TextureFX registered: thermalexpansion.core.render.TextureEnderFX@65d26328, texId: 45, index: 64
TextureFX registered: forestry.core.render.TextureBiomassFX@2375cb80, texId: 462, index: 13
TextureFX registered: forestry.core.render.TextureBiofuelFX@393ebc68, texId: 462, index: 12
TextureFX registered: forestry.core.render.TextureMilkFX@6ebfce76, texId: 462, index: 15
TextureFX registered: forestry.core.render.TextureHoneyFX@3b587c39, texId: 462, index: 76
TextureFX registered: forestry.core.render.TextureSeedOilFX@4e31e73a, texId: 462, index: 74
TextureFX registered: forestry.core.render.TextureJuiceFX@5b96bb6, texId: 462, index: 75
TextureFX registered: forestry.core.render.TextureMeadFX@37af3d50, texId: 462, index: 77
TextureFX registered: forestry.core.render.TextureGlassFX@4900ae01, texId: 462, index: 49
TextureFX registered: forestry.core.render.TextureIceFX@43678e00, texId: 462, index: 73
TextureFX registered: forestry.core.render.TextureHabitatLocatorFX@203ed721, texId: 120, index: 105
TextureFX registered: immibis.lxp.LiquidTextureFX@689f8519, texId: 486, index: 0
TextureFX registered: LogisticsPipesTextureStatic /logisticspipes/empty.png @ 38, texId: 218, index: 38
TextureFX registered: LogisticsPipesTextureStatic /logisticspipes/empty.png @ 39, texId: 218, index: 39
TextureFX registered: LogisticsPipesTextureStatic /logisticspipes/empty.png @ 40, texId: 218, index: 40
TextureFX registered: LogisticsPipesTextureStatic /logisticspipes/empty.png @ 41, texId: 218, index: 41
TextureFX registered: ModTextureAnimation@4056671f, texId: 259, index: 0
TextureFX registered: LogisticsPipesTextureStatic /logisticspipes/empty.png @ 42, texId: 218, index: 42
TextureFX registered: LogisticsPipesTextureStatic /logisticspipes/empty.png @ 43, texId: 218, index: 43
TextureFX registered: LogisticsPipesTextureStatic /logisticspipes/empty.png @ 44, texId: 218, index: 44
TextureFX registered: ModTextureAnimation@f31552b, texId: 260, index: 2
TextureFX registered: LogisticsPipesTextureStatic /logisticspipes/empty.png @ 45, texId: 218, index: 45
TextureFX registered: ModTextureAnimation@5f4c8177, texId: 260, index: 3
TextureFX registered: LogisticsPipesTextureStatic /logisticspipes/empty.png @ 46, texId: 218, index: 46
TextureFX registered: ModTextureAnimation@6cd50c24, texId: 260, index: 4
TextureFX registered: LogisticsPipesTextureStatic /logisticspipes/empty.png @ 47, texId: 218, index: 47
TextureFX registered: ModTextureAnimation@20acedd, texId: 260, index: 5
TextureFX registered: LogisticsPipesTextureStatic /logisticspipes/empty.png @ 48, texId: 218, index: 48
TextureFX registered: buildcraft.core.render.TextureLiquidsFX@7c4bf0be, texId: 158, index: 0
TextureFX registered: LogisticsPipesTextureStatic /logisticspipes/empty.png @ 49, texId: 218, index: 49
TextureFX registered: LogisticsPipesTextureStatic /logisticspipes/empty.png @ 50, texId: 218, index: 50
TextureFX registered: LogisticsPipesTextureStatic /logisticspipes/empty.png @ 51, texId: 218, index: 51
TextureFX registered: meteor.TextureMeteorDetectorFX@59e5e5e4, texId: 257, index: 12
TextureFX registered: ro.narc.liquiduu.TextureFXElectrolyzed@5292f4e4, texId: 158, index: 2
TextureFX registered: LogisticsPipesTextureStatic /logisticspipes/empty.png @ 52, texId: 218, index: 52
TextureFX registered: meteor.TextureMeteorDetectorFX@1d9947c6, texId: 257, index: 13
TextureFX registered: LogisticsPipesTextureStatic /logisticspipes/empty.png @ 53, texId: 218, index: 53
TextureFX registered: meteor.TextureMeteorDetectorFX@7530dbf5, texId: 257, index: 14
TextureFX registered: LogisticsPipesTextureStatic /logisticspipes/empty.png @ 54, texId: 218, index: 54
TextureFX registered: LogisticsPipesTextureStatic /logisticspipes/empty.png @ 55, texId: 218, index: 55
TextureFX registered: LogisticsPipesTextureStatic /logisticspipes/empty.png @ 56, texId: 218, index: 56
TextureFX registered: LogisticsPipesTextureStatic /logisticspipes/empty.png @ 57, texId: 218, index: 57
TextureFX registered: LogisticsPipesTextureStatic /logisticspipes/empty.png @ 58, texId: 218, index: 58
TextureFX registered: LogisticsPipesTextureStatic /logisticspipes/empty.png @ 59, texId: 218, index: 59
TextureFX registered: LogisticsPipesTextureStatic /logisticspipes/empty.png @ 60, texId: 218, index: 60
TextureFX registered: LogisticsPipesTextureStatic /logisticspipes/empty.png @ 61, texId: 218, index: 61
TextureFX registered: LogisticsPipesTextureStatic /logisticspipes/empty.png @ 62, texId: 218, index: 62
TextureFX registered: LogisticsPipesTextureStatic /logisticspipes/empty.png @ 63, texId: 218, index: 63
TextureFX registered: LogisticsPipesTextureStatic /logisticspipes/empty.png @ 64, texId: 218, index: 64
TextureFX registered: LogisticsPipesTextureStatic /logisticspipes/empty.png @ 65, texId: 218, index: 65
TextureFX registered: LogisticsPipesTextureStatic /logisticspipes/empty.png @ 66, texId: 218, index: 66
TextureFX registered: LogisticsPipesTextureStatic /logisticspipes/empty.png @ 67, texId: 218, index: 67
TextureFX registered: LogisticsPipesTextureStatic /logisticspipes/empty.png @ 68, texId: 218, index: 68
TextureFX registered: LogisticsPipesTextureStatic /logisticspipes/empty.png @ 69, texId: 218, index: 69
TextureFX registered: LogisticsPipesTextureStatic /logisticspipes/empty.png @ 70, texId: 218, index: 70
TextureFX registered: LogisticsPipesTextureStatic /logisticspipes/empty.png @ 71, texId: 218, index: 71
TextureFX registered: LogisticsPipesTextureStatic /logisticspipes/empty.png @ 72, texId: 218, index: 72
TextureFX registered: LogisticsPipesTextureStatic /logisticspipes/empty.png @ 73, texId: 218, index: 73
TextureFX registered: LogisticsPipesTextureStatic /logisticspipes/empty.png @ 74, texId: 218, index: 74
TextureFX registered: LogisticsPipesTextureStatic /logisticspipes/empty.png @ 75, texId: 218, index: 75
TextureFX registered: LogisticsPipesTextureStatic /logisticspipes/empty.png @ 76, texId: 218, index: 76
TextureFX registered: LogisticsPipesTextureStatic /logisticspipes/empty.png @ 77, texId: 218, index: 77
TextureFX registered: ModTextureAnimation@34f8f8cb, texId: 261, index: 34
TextureFX registered: LogisticsPipesTextureStatic /logisticspipes/empty.png @ 78, texId: 218, index: 78
TextureFX registered: LogisticsPipesTextureStatic /logisticspipes/empty.png @ 79, texId: 218, index: 79
TextureFX registered: LogisticsPipesTextureStatic /logisticspipes/empty.png @ 80, texId: 218, index: 80
TextureFX registered: LogisticsPipesTextureStatic /logisticspipes/empty.png @ 81, texId: 218, index: 81
TextureFX registered: LogisticsPipesTextureStatic /logisticspipes/empty.png @ 82, texId: 218, index: 82
TextureFX registered: LogisticsPipesTextureStatic /logisticspipes/empty.png @ 83, texId: 218, index: 83
TextureFX registered: LogisticsPipesTextureStatic /logisticspipes/empty.png @ 84, texId: 218, index: 84
TextureFX registered: LogisticsPipesTextureStatic /logisticspipes/empty.png @ 85, texId: 218, index: 85
TextureFX registered: LogisticsPipesTextureStatic /logisticspipes/empty.png @ 86, texId: 218, index: 86
TextureFX registered: LogisticsPipesTextureStatic /logisticspipes/empty.png @ 87, texId: 218, index: 87
TextureFX registered: LogisticsPipesTextureStatic /logisticspipes/empty.png @ 88, texId: 218, index: 88
TextureFX registered: ModTextureAnimation@3beb68e6, texId: 260, index: 46
TextureFX registered: portalgun.client.render.TextureAnimation@2858dce4, texId: 301, index: 5
TextureFX registered: LogisticsPipesTextureStatic /logisticspipes/empty.png @ 89, texId: 218, index: 89
TextureFX registered: ModTextureAnimation@75fa5524, texId: 259, index: 48
TextureFX registered: dan200.computer.client.TextureComputerFX@7e330d66, texId: 31, index: 20
TextureFX registered: LogisticsPipesTextureStatic /logisticspipes/empty.png @ 90, texId: 218, index: 90
TextureFX registered: ModTextureAnimation@1f476c6f, texId: 259, index: 49
TextureFX registered: LogisticsPipesTextureStatic /logisticspipes/empty.png @ 91, texId: 218, index: 91
TextureFX registered: ModTextureAnimation@4d86567, texId: 259, index: 50
TextureFX registered: LogisticsPipesTextureStatic /logisticspipes/empty.png @ 92, texId: 218, index: 92
TextureFX registered: ModTextureAnimation@37b409c9, texId: 259, index: 51
TextureFX registered: LogisticsPipesTextureStatic /logisticspipes/empty.png @ 93, texId: 218, index: 93
TextureFX registered: ModTextureAnimation@63a88e94, texId: 259, index: 52
TextureFX registered: ModTextureAnimation@5e561448, texId: 261, index: 50
TextureFX registered: LogisticsPipesTextureStatic /logisticspipes/empty.png @ 94, texId: 218, index: 94
TextureFX registered: ModTextureAnimation@493d8c57, texId: 259, index: 53
TextureFX registered: com.xcompwiz.mystcraft.client.texturefx.TextureLiquidFX@76860958, texId: 297, index: 15
TextureFX registered: LogisticsPipesTextureStatic /logisticspipes/empty.png @ 95, texId: 218, index: 95
TextureFX registered: ModTextureAnimation@73aac193, texId: 259, index: 54
TextureFX registered: com.xcompwiz.mystcraft.client.texturefx.TexturePortalFX@2247bcaa, texId: 298, index: 15
TextureFX registered: dan200.computer.client.TextureComputerFX@5ea58cc7, texId: 31, index: 25
TextureFX registered: LogisticsPipesTextureStatic /logisticspipes/empty.png @ 96, texId: 218, index: 96
TextureFX registered: ModTextureAnimation@71d43699, texId: 259, index: 55
TextureFX registered: LogisticsPipesTextureStatic /logisticspipes/empty.png @ 97, texId: 218, index: 97
TextureFX registered: ModTextureAnimation@38af7c53, texId: 259, index: 56
TextureFX registered: LogisticsPipesTextureStatic /logisticspipes/empty.png @ 98, texId: 218, index: 98
TextureFX registered: ModTextureAnimation@6c18c180, texId: 259, index: 57
TextureFX registered: LogisticsPipesTextureStatic /logisticspipes/empty.png @ 99, texId: 218, index: 99
TextureFX registered: ModTextureAnimation@7e08370a, texId: 259, index: 58
TextureFX registered: LogisticsPipesTextureStatic /logisticspipes/empty.png @ 100, texId: 218, index: 100
TextureFX registered: ModTextureAnimation@7193e623, texId: 259, index: 59
TextureFX registered: LogisticsPipesTextureStatic /logisticspipes/empty.png @ 101, texId: 218, index: 101
TextureFX registered: ModTextureAnimation@2da1dc44, texId: 259, index: 60
TextureFX registered: LogisticsPipesTextureStatic /logisticspipes/empty.png @ 102, texId: 218, index: 102
TextureFX registered: ModTextureAnimation@56780886, texId: 259, index: 61
TextureFX registered: LogisticsPipesTextureStatic /logisticspipes/empty.png @ 103, texId: 218, index: 103
TextureFX registered: ModTextureAnimation@681a168a, texId: 259, index: 62
TextureFX registered: LogisticsPipesTextureStatic /logisticspipes/empty.png @ 104, texId: 218, index: 104
TextureFX registered: ModTextureAnimation@6ec03ed4, texId: 259, index: 63
TextureFX registered: LogisticsPipesTextureStatic /logisticspipes/empty.png @ 105, texId: 218, index: 105
TextureFX registered: LogisticsPipesTextureStatic /logisticspipes/empty.png @ 106, texId: 218, index: 106
TextureFX registered: LogisticsPipesTextureStatic /logisticspipes/empty.png @ 107, texId: 218, index: 107
TextureFX registered: LogisticsPipesTextureStatic /logisticspipes/empty.png @ 108, texId: 218, index: 108
TextureFX registered: LogisticsPipesTextureStatic /logisticspipes/empty.png @ 109, texId: 218, index: 109
TextureFX registered: ModTextureAnimation@671f5e2, texId: 261, index: 66
TextureFX registered: LogisticsPipesTextureStatic /logisticspipes/empty.png @ 110, texId: 218, index: 110
TextureFX registered: LogisticsPipesTextureStatic /logisticspipes/empty.png @ 111, texId: 218, index: 111
TextureFX registered: LogisticsPipesTextureStatic /logisticspipes/empty.png @ 112, texId: 218, index: 112
TextureFX registered: LogisticsPipesTextureStatic /logisticspipes/empty.png @ 113, texId: 218, index: 113
TextureFX registered: LogisticsPipesTextureStatic /logisticspipes/empty.png @ 114, texId: 218, index: 114
TextureFX registered: thaumcraft.client.fx.FXAnimatedPotion@920078a, texId: 160, index: 177
TextureFX registered: ModTextureAnimation@21673bcd, texId: 261, index: 82
TextureFX registered: twilightforest.client.TextureTFMagicLeavesFX@4212fa16, texId: 268, index: 88
TextureFX registered: ModTextureAnimation@5289cc09, texId: 262, index: 98
TextureFX registered: twilightforest.client.TextureTFMagicLeavesFX@6a5b6c8a, texId: 268, index: 92
TextureFX registered: ModTextureAnimation@6d3b3d73, texId: 262, index: 99
TextureFX registered: ModTextureAnimation@1489a3ed, texId: 262, index: 100
TextureFX registered: twilightforest.client.TextureTFMagicLeavesFX@73d79a75, texId: 268, index: 94
TextureFX registered: ModTextureAnimation@72533a0f, texId: 262, index: 101
TextureFX registered: thaumcraft.client.fx.FXAnimatedTexture@7fdb0c11, texId: 160, index: 210
TextureFX registered: ModTextureAnimation@14b3d2a7, texId: 261, index: 114
TextureFX registered: thaumcraft.client.fx.FXAnimatedTexture@6b2ade88, texId: 159, index: 15
TextureFX registered: thaumcraft.client.fx.FXAnimatedLava@6cfdcacf, texId: 159, index: 18
TextureFX registered: thaumcraft.client.fx.FXAnimatedInfusedOre@4b61f8c5, texId: 159, index: 22
TextureFX registered: ModTextureAnimation@12ee3353, texId: 261, index: 194
TextureFX registered: soaryn.xycraft.core.render.FXAnimatedCloud@1d618cf8, texId: 464, index: 255
TextureFX registered: soaryn.xycraft.core.render.TextureLiquidsFX@58bafa1c, texId: 466, index: 0
TextureFX registered: soaryn.xycraft.core.render.FXAnimatedCloud@429b71c6, texId: 466, index: 1
TextureFX registered: ModTextureAnimation@218ca66d, texId: 261, index: 210
TextureFX registered: railcraft.client.textureFX.TextureCreosoteOilFX@309be8e8, texId: 471, index: 0
TextureFX registered: soaryn.xycraft.core.render.FXAnimatedCloud@3ffe9efd, texId: 472, index: 255
TextureFX registered: soaryn.xycraft.core.render.FXAnimatedCloud@2672cd85, texId: 474, index: 255
TextureFX registered: LogisticsPipesTextureStatic /logisticspipes/empty.png @ 0, texId: 218, index: 0
TextureFX registered: LogisticsPipesTextureStatic /logisticspipes/empty.png @ 1, texId: 218, index: 1
TextureFX registered: LogisticsPipesTextureStatic /logisticspipes/empty.png @ 2, texId: 218, index: 2
TextureFX registered: LogisticsPipesTextureStatic /logisticspipes/empty.png @ 3, texId: 218, index: 3
TextureFX registered: LogisticsPipesTextureStatic /logisticspipes/empty.png @ 4, texId: 218, index: 4
TextureFX registered: LogisticsPipesTextureStatic /logisticspipes/empty.png @ 5, texId: 218, index: 5
TextureFX registered: LogisticsPipesTextureStatic /logisticspipes/empty.png @ 6, texId: 218, index: 6
TextureFX registered: LogisticsPipesTextureStatic /logisticspipes/empty.png @ 7, texId: 218, index: 7
TextureFX registered: soaryn.xycraft.core.render.FXAnimatedCloud@6b7b2083, texId: 482, index: 255
TextureFX registered: LogisticsPipesTextureStatic /logisticspipes/empty.png @ 8, texId: 218, index: 8
TextureFX registered: thaumcraft.client.fx.FXAnimatedTexture@2e033d1b, texId: 160, index: 67
TextureFX registered: LogisticsPipesTextureStatic /logisticspipes/empty.png @ 9, texId: 218, index: 9
TextureFX registered: LogisticsPipesTextureStatic /logisticspipes/empty.png @ 10, texId: 218, index: 10
TextureFX registered: LogisticsPipesTextureStatic /logisticspipes/empty.png @ 11, texId: 218, index: 11
TextureFX registered: LogisticsPipesTextureStatic /logisticspipes/empty.png @ 12, texId: 218, index: 12
TextureFX registered: LogisticsPipesTextureStatic /logisticspipes/empty.png @ 13, texId: 218, index: 13
TextureFX registered: railcraft.client.textureFX.TextureSteamFX@7fea8eb6, texId: 471, index: 16
TextureFX registered: LogisticsPipesTextureStatic /logisticspipes/empty.png @ 14, texId: 218, index: 14
TextureFX registered: LogisticsPipesTextureStatic /logisticspipes/empty.png @ 15, texId: 218, index: 15
TextureFX registered: LogisticsPipesTextureStatic /logisticspipes/empty.png @ 16, texId: 218, index: 16
TextureFX registered: LogisticsPipesTextureStatic /logisticspipes/empty.png @ 17, texId: 218, index: 17
TextureFX registered: LogisticsPipesTextureStatic /logisticspipes/empty.png @ 18, texId: 218, index: 18
TextureFX registered: LogisticsPipesTextureStatic /logisticspipes/empty.png @ 19, texId: 218, index: 19
TextureFX registered: LogisticsPipesTextureStatic /logisticspipes/empty.png @ 20, texId: 218, index: 20
TextureFX registered: LogisticsPipesTextureStatic /logisticspipes/empty.png @ 21, texId: 218, index: 21
TextureFX registered: com.eloraam.redpower.core.TextureAnimFX@2ebb2a7f, texId: 304, index: 239
TextureFX registered: LogisticsPipesTextureStatic /logisticspipes/empty.png @ 22, texId: 218, index: 22
TextureFX registered: LogisticsPipesTextureStatic /logisticspipes/empty.png @ 23, texId: 218, index: 23
TextureFX registered: LogisticsPipesTextureStatic /logisticspipes/empty.png @ 24, texId: 218, index: 24
TextureFX registered: LogisticsPipesTextureStatic /logisticspipes/empty.png @ 25, texId: 218, index: 25
TextureFX registered: LogisticsPipesTextureStatic /logisticspipes/empty.png @ 26, texId: 218, index: 26
TextureFX registered: LogisticsPipesTextureStatic /logisticspipes/empty.png @ 27, texId: 218, index: 27
TextureFX registered: LogisticsPipesTextureStatic /logisticspipes/empty.png @ 28, texId: 218, index: 28
TextureFX registered: LogisticsPipesTextureStatic /logisticspipes/empty.png @ 29, texId: 218, index: 29
TextureFX registered: ModTextureAnimation@71161bd2, texId: 261, index: 242
TextureFX registered: LogisticsPipesTextureStatic /logisticspipes/empty.png @ 30, texId: 218, index: 30
TextureFX registered: LogisticsPipesTextureStatic /logisticspipes/empty.png @ 31, texId: 218, index: 31
TextureFX registered: LogisticsPipesTextureStatic /logisticspipes/empty.png @ 32, texId: 218, index: 32
TextureFX registered: LogisticsPipesTextureStatic /logisticspipes/empty.png @ 33, texId: 218, index: 33
TextureFX registered: LogisticsPipesTextureStatic /logisticspipes/empty.png @ 34, texId: 218, index: 34
TextureFX registered: LogisticsPipesTextureStatic /logisticspipes/empty.png @ 35, texId: 218, index: 35
TextureFX registered: LogisticsPipesTextureStatic /logisticspipes/empty.png @ 36, texId: 218, index: 36
TextureFX registered: LogisticsPipesTextureStatic /logisticspipes/empty.png @ 37, texId: 218, index: 37
TextureFX registered: com.eloraam.redpower.core.TextureAnimFX@28fd1ae5, texId: 304, index: 255
TextureFX registered: TextureHDCustomFX@5c6a6614, texId: 19, index: 105
TextureFX registered: TextureHDCustomFX@9c5a509, texId: 19, index: 120
TextureFX registered: TextureHDCustomFX@4b330fb6, texId: 19, index: 212
Loading custom colors: /misc/grasscolor.png
Loading custom colors: /misc/foliagecolor.png
Loading custom colors: /misc/watercolorX.png
Loading custom colors: /misc/birchcolor.png
Loading custom colors: /misc/swampgrasscolor.png
Loading custom colors: /misc/swampfoliagecolor.png
Loading custom colors: /misc/skycolor0.png
Loading custom colors: /misc/fogcolor0.png
Loading custom colors: /misc/underwatercolor.png
Loading custom colors: /misc/stemcolor.png
Loading custom colors: /misc/myceliumparticlecolor.png
Loading custom colors: /environment/lightmap0.png
Loading custom colors: /environment/lightmap1.png
Loading /color.properties
Custom color: lilypad = ffffff
Custom color: particle.water = 2e5f66
Custom color: fog.nether = 3f1b13
Custom color: fog.end = 131318
Custom color: sky.end = 181818
Block palette: palette.block./misc/logcolor.png = 17
Loading custom colors: /misc/logcolor.png
Block palette: palette.block./misc/sandclaycolor.png = 12 82
Loading custom colors: /misc/sandclaycolor.png
TextureFX registered: immibis.lxp.LiquidTextureFX@689f8519, texId: 486, index: 0
TextureFX registered: LogisticsPipesTextureStatic /logisticspipes/empty.png @ 38, texId: 218, index: 38
TextureFX registered: LogisticsPipesTextureStatic /logisticspipes/empty.png @ 39, texId: 218, index: 39
TextureFX registered: LogisticsPipesTextureStatic /logisticspipes/empty.png @ 40, texId: 218, index: 40
TextureFX registered: LogisticsPipesTextureStatic /logisticspipes/empty.png @ 41, texId: 218, index: 41
TextureFX registered: ModTextureAnimation@4056671f, texId: 259, index: 0
TextureFX registered: LogisticsPipesTextureStatic /logisticspipes/empty.png @ 42, texId: 218, index: 42
TextureFX registered: LogisticsPipesTextureStatic /logisticspipes/empty.png @ 43, texId: 218, index: 43
TextureFX registered: LogisticsPipesTextureStatic /logisticspipes/empty.png @ 44, texId: 218, index: 44
TextureFX registered: ModTextureAnimation@f31552b, texId: 260, index: 2
TextureFX registered: LogisticsPipesTextureStatic /logisticspipes/empty.png @ 45, texId: 218, index: 45
TextureFX registered: ModTextureAnimation@5f4c8177, texId: 260, index: 3
TextureFX registered: LogisticsPipesTextureStatic /logisticspipes/empty.png @ 46, texId: 218, index: 46
TextureFX registered: ModTextureAnimation@6cd50c24, texId: 260, index: 4
TextureFX registered: LogisticsPipesTextureStatic /logisticspipes/empty.png @ 47, texId: 218, index: 47
TextureFX registered: ModTextureAnimation@20acedd, texId: 260, index: 5
TextureFX registered: LogisticsPipesTextureStatic /logisticspipes/empty.png @ 48, texId: 218, index: 48
TextureFX registered: buildcraft.core.render.TextureLiquidsFX@7c4bf0be, texId: 158, index: 0
TextureFX registered: LogisticsPipesTextureStatic /logisticspipes/empty.png @ 49, texId: 218, index: 49
TextureFX registered: LogisticsPipesTextureStatic /logisticspipes/empty.png @ 50, texId: 218, index: 50
TextureFX registered: LogisticsPipesTextureStatic /logisticspipes/empty.png @ 51, texId: 218, index: 51
TextureFX registered: meteor.TextureMeteorDetectorFX@59e5e5e4, texId: 257, index: 12
TextureFX registered: ro.narc.liquiduu.TextureFXElectrolyzed@5292f4e4, texId: 158, index: 2
TextureFX registered: LogisticsPipesTextureStatic /logisticspipes/empty.png @ 52, texId: 218, index: 52
TextureFX registered: meteor.TextureMeteorDetectorFX@1d9947c6, texId: 257, index: 13
TextureFX registered: LogisticsPipesTextureStatic /logisticspipes/empty.png @ 53, texId: 218, index: 53
TextureFX registered: meteor.TextureMeteorDetectorFX@7530dbf5, texId: 257, index: 14
TextureFX registered: LogisticsPipesTextureStatic /logisticspipes/empty.png @ 54, texId: 218, index: 54
TextureFX registered: LogisticsPipesTextureStatic /logisticspipes/empty.png @ 55, texId: 218, index: 55
TextureFX registered: LogisticsPipesTextureStatic /logisticspipes/empty.png @ 56, texId: 218, index: 56
TextureFX registered: LogisticsPipesTextureStatic /logisticspipes/empty.png @ 57, texId: 218, index: 57
TextureFX registered: LogisticsPipesTextureStatic /logisticspipes/empty.png @ 58, texId: 218, index: 58
TextureFX registered: LogisticsPipesTextureStatic /logisticspipes/empty.png @ 59, texId: 218, index: 59
TextureFX registered: LogisticsPipesTextureStatic /logisticspipes/empty.png @ 60, texId: 218, index: 60
TextureFX registered: LogisticsPipesTextureStatic /logisticspipes/empty.png @ 61, texId: 218, index: 61
TextureFX registered: LogisticsPipesTextureStatic /logisticspipes/empty.png @ 62, texId: 218, index: 62
TextureFX registered: LogisticsPipesTextureStatic /logisticspipes/empty.png @ 63, texId: 218, index: 63
TextureFX registered: LogisticsPipesTextureStatic /logisticspipes/empty.png @ 64, texId: 218, index: 64
TextureFX registered: LogisticsPipesTextureStatic /logisticspipes/empty.png @ 65, texId: 218, index: 65
TextureFX registered: LogisticsPipesTextureStatic /logisticspipes/empty.png @ 66, texId: 218, index: 66
TextureFX registered: LogisticsPipesTextureStatic /logisticspipes/empty.png @ 67, texId: 218, index: 67
TextureFX registered: LogisticsPipesTextureStatic /logisticspipes/empty.png @ 68, texId: 218, index: 68
TextureFX registered: LogisticsPipesTextureStatic /logisticspipes/empty.png @ 69, texId: 218, index: 69
TextureFX registered: LogisticsPipesTextureStatic /logisticspipes/empty.png @ 70, texId: 218, index: 70
TextureFX registered: LogisticsPipesTextureStatic /logisticspipes/empty.png @ 71, texId: 218, index: 71
TextureFX registered: LogisticsPipesTextureStatic /logisticspipes/empty.png @ 72, texId: 218, index: 72
TextureFX registered: LogisticsPipesTextureStatic /logisticspipes/empty.png @ 73, texId: 218, index: 73
TextureFX registered: LogisticsPipesTextureStatic /logisticspipes/empty.png @ 74, texId: 218, index: 74
TextureFX registered: LogisticsPipesTextureStatic /logisticspipes/empty.png @ 75, texId: 218, index: 75
TextureFX registered: LogisticsPipesTextureStatic /logisticspipes/empty.png @ 76, texId: 218, index: 76
TextureFX registered: LogisticsPipesTextureStatic /logisticspipes/empty.png @ 77, texId: 218, index: 77
TextureFX registered: ModTextureAnimation@34f8f8cb, texId: 261, index: 34
TextureFX registered: LogisticsPipesTextureStatic /logisticspipes/empty.png @ 78, texId: 218, index: 78
TextureFX registered: LogisticsPipesTextureStatic /logisticspipes/empty.png @ 79, texId: 218, index: 79
TextureFX registered: LogisticsPipesTextureStatic /logisticspipes/empty.png @ 80, texId: 218, index: 80
TextureFX registered: LogisticsPipesTextureStatic /logisticspipes/empty.png @ 81, texId: 218, index: 81
TextureFX registered: LogisticsPipesTextureStatic /logisticspipes/empty.png @ 82, texId: 218, index: 82
TextureFX registered: LogisticsPipesTextureStatic /logisticspipes/empty.png @ 83, texId: 218, index: 83
TextureFX registered: LogisticsPipesTextureStatic /logisticspipes/empty.png @ 84, texId: 218, index: 84
TextureFX registered: LogisticsPipesTextureStatic /logisticspipes/empty.png @ 85, texId: 218, index: 85
TextureFX registered: LogisticsPipesTextureStatic /logisticspipes/empty.png @ 86, texId: 218, index: 86
TextureFX registered: LogisticsPipesTextureStatic /logisticspipes/empty.png @ 87, texId: 218, index: 87
TextureFX registered: LogisticsPipesTextureStatic /logisticspipes/empty.png @ 88, texId: 218, index: 88
TextureFX registered: ModTextureAnimation@3beb68e6, texId: 260, index: 46
TextureFX registered: portalgun.client.render.TextureAnimation@2858dce4, texId: 301, index: 5
TextureFX registered: LogisticsPipesTextureStatic /logisticspipes/empty.png @ 89, texId: 218, index: 89
TextureFX registered: ModTextureAnimation@75fa5524, texId: 259, index: 48
TextureFX registered: dan200.computer.client.TextureComputerFX@7e330d66, texId: 31, index: 20
TextureFX registered: LogisticsPipesTextureStatic /logisticspipes/empty.png @ 90, texId: 218, index: 90
TextureFX registered: ModTextureAnimation@1f476c6f, texId: 259, index: 49
TextureFX registered: LogisticsPipesTextureStatic /logisticspipes/empty.png @ 91, texId: 218, index: 91
TextureFX registered: ModTextureAnimation@4d86567, texId: 259, index: 50
TextureFX registered: LogisticsPipesTextureStatic /logisticspipes/empty.png @ 92, texId: 218, index: 92
TextureFX registered: ModTextureAnimation@37b409c9, texId: 259, index: 51
TextureFX registered: LogisticsPipesTextureStatic /logisticspipes/empty.png @ 93, texId: 218, index: 93
TextureFX registered: ModTextureAnimation@63a88e94, texId: 259, index: 52
TextureFX registered: ModTextureAnimation@5e561448, texId: 261, index: 50
TextureFX registered: LogisticsPipesTextureStatic /logisticspipes/empty.png @ 94, texId: 218, index: 94
TextureFX registered: ModTextureAnimation@493d8c57, texId: 259, index: 53
TextureFX registered: com.xcompwiz.mystcraft.client.texturefx.TextureLiquidFX@76860958, texId: 297, index: 15
TextureFX registered: LogisticsPipesTextureStatic /logisticspipes/empty.png @ 95, texId: 218, index: 95
TextureFX registered: ModTextureAnimation@73aac193, texId: 259, index: 54
TextureFX registered: com.xcompwiz.mystcraft.client.texturefx.TexturePortalFX@2247bcaa, texId: 298, index: 15
TextureFX registered: dan200.computer.client.TextureComputerFX@5ea58cc7, texId: 31, index: 25
TextureFX registered: LogisticsPipesTextureStatic /logisticspipes/empty.png @ 96, texId: 218, index: 96
TextureFX registered: ModTextureAnimation@71d43699, texId: 259, index: 55
TextureFX registered: LogisticsPipesTextureStatic /logisticspipes/empty.png @ 97, texId: 218, index: 97
TextureFX registered: ModTextureAnimation@38af7c53, texId: 259, index: 56
TextureFX registered: LogisticsPipesTextureStatic /logisticspipes/empty.png @ 98, texId: 218, index: 98
TextureFX registered: ModTextureAnimation@6c18c180, texId: 259, index: 57
TextureFX registered: LogisticsPipesTextureStatic /logisticspipes/empty.png @ 99, texId: 218, index: 99
TextureFX registered: ModTextureAnimation@7e08370a, texId: 259, index: 58
TextureFX registered: LogisticsPipesTextureStatic /logisticspipes/empty.png @ 100, texId: 218, index: 100
TextureFX registered: ModTextureAnimation@7193e623, texId: 259, index: 59
TextureFX registered: LogisticsPipesTextureStatic /logisticspipes/empty.png @ 101, texId: 218, index: 101
TextureFX registered: ModTextureAnimation@2da1dc44, texId: 259, index: 60
TextureFX registered: LogisticsPipesTextureStatic /logisticspipes/empty.png @ 102, texId: 218, index: 102
TextureFX registered: ModTextureAnimation@56780886, texId: 259, index: 61
TextureFX registered: LogisticsPipesTextureStatic /logisticspipes/empty.png @ 103, texId: 218, index: 103
TextureFX registered: ModTextureAnimation@681a168a, texId: 259, index: 62
TextureFX registered: LogisticsPipesTextureStatic /logisticspipes/empty.png @ 104, texId: 218, index: 104
TextureFX registered: ModTextureAnimation@6ec03ed4, texId: 259, index: 63
TextureFX registered: LogisticsPipesTextureStatic /logisticspipes/empty.png @ 105, texId: 218, index: 105
TextureFX registered: LogisticsPipesTextureStatic /logisticspipes/empty.png @ 106, texId: 218, index: 106
TextureFX registered: LogisticsPipesTextureStatic /logisticspipes/empty.png @ 107, texId: 218, index: 107
TextureFX registered: LogisticsPipesTextureStatic /logisticspipes/empty.png @ 108, texId: 218, index: 108
TextureFX registered: LogisticsPipesTextureStatic /logisticspipes/empty.png @ 109, texId: 218, index: 109
TextureFX registered: ModTextureAnimation@671f5e2, texId: 261, index: 66
TextureFX registered: LogisticsPipesTextureStatic /logisticspipes/empty.png @ 110, texId: 218, index: 110
TextureFX registered: LogisticsPipesTextureStatic /logisticspipes/empty.png @ 111, texId: 218, index: 111
TextureFX registered: LogisticsPipesTextureStatic /logisticspipes/empty.png @ 112, texId: 218, index: 112
TextureFX registered: LogisticsPipesTextureStatic /logisticspipes/empty.png @ 113, texId: 218, index: 113
TextureFX registered: LogisticsPipesTextureStatic /logisticspipes/empty.png @ 114, texId: 218, index: 114
TextureFX registered: thaumcraft.client.fx.FXAnimatedPotion@920078a, texId: 160, index: 177
TextureFX registered: ModTextureAnimation@21673bcd, texId: 261, index: 82
TextureFX registered: twilightforest.client.TextureTFMagicLeavesFX@4212fa16, texId: 268, index: 88
TextureFX registered: ModTextureAnimation@5289cc09, texId: 262, index: 98
TextureFX registered: twilightforest.client.TextureTFMagicLeavesFX@6a5b6c8a, texId: 268, index: 92
TextureFX registered: ModTextureAnimation@6d3b3d73, texId: 262, index: 99
TextureFX registered: ModTextureAnimation@1489a3ed, texId: 262, index: 100
TextureFX registered: twilightforest.client.TextureTFMagicLeavesFX@73d79a75, texId: 268, index: 94
TextureFX registered: ModTextureAnimation@72533a0f, texId: 262, index: 101
TextureFX registered: thaumcraft.client.fx.FXAnimatedTexture@7fdb0c11, texId: 160, index: 210
TextureFX registered: ModTextureAnimation@14b3d2a7, texId: 261, index: 114
TextureFX registered: thaumcraft.client.fx.FXAnimatedTexture@6b2ade88, texId: 159, index: 15
TextureFX registered: thaumcraft.client.fx.FXAnimatedLava@6cfdcacf, texId: 159, index: 18
TextureFX registered: thaumcraft.client.fx.FXAnimatedInfusedOre@4b61f8c5, texId: 159, index: 22
TextureFX registered: ModTextureAnimation@12ee3353, texId: 261, index: 194
TextureFX registered: soaryn.xycraft.core.render.FXAnimatedCloud@1d618cf8, texId: 464, index: 255
TextureFX registered: soaryn.xycraft.core.render.TextureLiquidsFX@58bafa1c, texId: 466, index: 0
TextureFX registered: soaryn.xycraft.core.render.FXAnimatedCloud@429b71c6, texId: 466, index: 1
TextureFX registered: ModTextureAnimation@218ca66d, texId: 261, index: 210
TextureFX registered: railcraft.client.textureFX.TextureCreosoteOilFX@309be8e8, texId: 471, index: 0
TextureFX registered: soaryn.xycraft.core.render.FXAnimatedCloud@3ffe9efd, texId: 472, index: 255
TextureFX registered: soaryn.xycraft.core.render.FXAnimatedCloud@2672cd85, texId: 474, index: 255
TextureFX registered: LogisticsPipesTextureStatic /logisticspipes/empty.png @ 0, texId: 218, index: 0
TextureFX registered: LogisticsPipesTextureStatic /logisticspipes/empty.png @ 1, texId: 218, index: 1
TextureFX registered: LogisticsPipesTextureStatic /logisticspipes/empty.png @ 2, texId: 218, index: 2
TextureFX registered: LogisticsPipesTextureStatic /logisticspipes/empty.png @ 3, texId: 218, index: 3
TextureFX registered: LogisticsPipesTextureStatic /logisticspipes/empty.png @ 4, texId: 218, index: 4
TextureFX registered: LogisticsPipesTextureStatic /logisticspipes/empty.png @ 5, texId: 218, index: 5
TextureFX registered: LogisticsPipesTextureStatic /logisticspipes/empty.png @ 6, texId: 218, index: 6
TextureFX registered: LogisticsPipesTextureStatic /logisticspipes/empty.png @ 7, texId: 218, index: 7
TextureFX registered: soaryn.xycraft.core.render.FXAnimatedCloud@6b7b2083, texId: 482, index: 255
TextureFX registered: LogisticsPipesTextureStatic /logisticspipes/empty.png @ 8, texId: 218, index: 8
TextureFX registered: thaumcraft.client.fx.FXAnimatedTexture@2e033d1b, texId: 160, index: 67
TextureFX registered: LogisticsPipesTextureStatic /logisticspipes/empty.png @ 9, texId: 218, index: 9
TextureFX registered: LogisticsPipesTextureStatic /logisticspipes/empty.png @ 10, texId: 218, index: 10
TextureFX registered: LogisticsPipesTextureStatic /logisticspipes/empty.png @ 11, texId: 218, index: 11
TextureFX registered: LogisticsPipesTextureStatic /logisticspipes/empty.png @ 12, texId: 218, index: 12
TextureFX registered: LogisticsPipesTextureStatic /logisticspipes/empty.png @ 13, texId: 218, index: 13
TextureFX registered: railcraft.client.textureFX.TextureSteamFX@7fea8eb6, texId: 471, index: 16
TextureFX registered: LogisticsPipesTextureStatic /logisticspipes/empty.png @ 14, texId: 218, index: 14
TextureFX registered: LogisticsPipesTextureStatic /logisticspipes/empty.png @ 15, texId: 218, index: 15
TextureFX registered: LogisticsPipesTextureStatic /logisticspipes/empty.png @ 16, texId: 218, index: 16
TextureFX registered: LogisticsPipesTextureStatic /logisticspipes/empty.png @ 17, texId: 218, index: 17
TextureFX registered: LogisticsPipesTextureStatic /logisticspipes/empty.png @ 18, texId: 218, index: 18
TextureFX registered: LogisticsPipesTextureStatic /logisticspipes/empty.png @ 19, texId: 218, index: 19
TextureFX registered: LogisticsPipesTextureStatic /logisticspipes/empty.png @ 20, texId: 218, index: 20
TextureFX registered: LogisticsPipesTextureStatic /logisticspipes/empty.png @ 21, texId: 218, index: 21
TextureFX registered: com.eloraam.redpower.core.TextureAnimFX@2ebb2a7f, texId: 304, index: 239
TextureFX registered: LogisticsPipesTextureStatic /logisticspipes/empty.png @ 22, texId: 218, index: 22
TextureFX registered: LogisticsPipesTextureStatic /logisticspipes/empty.png @ 23, texId: 218, index: 23
TextureFX registered: LogisticsPipesTextureStatic /logisticspipes/empty.png @ 24, texId: 218, index: 24
TextureFX registered: LogisticsPipesTextureStatic /logisticspipes/empty.png @ 25, texId: 218, index: 25
TextureFX registered: LogisticsPipesTextureStatic /logisticspipes/empty.png @ 26, texId: 218, index: 26
TextureFX registered: LogisticsPipesTextureStatic /logisticspipes/empty.png @ 27, texId: 218, index: 27
TextureFX registered: LogisticsPipesTextureStatic /logisticspipes/empty.png @ 28, texId: 218, index: 28
TextureFX registered: LogisticsPipesTextureStatic /logisticspipes/empty.png @ 29, texId: 218, index: 29
TextureFX registered: ModTextureAnimation@71161bd2, texId: 261, index: 242
TextureFX registered: LogisticsPipesTextureStatic /logisticspipes/empty.png @ 30, texId: 218, index: 30
TextureFX registered: LogisticsPipesTextureStatic /logisticspipes/empty.png @ 31, texId: 218, index: 31
TextureFX registered: LogisticsPipesTextureStatic /logisticspipes/empty.png @ 32, texId: 218, index: 32
TextureFX registered: LogisticsPipesTextureStatic /logisticspipes/empty.png @ 33, texId: 218, index: 33
TextureFX registered: LogisticsPipesTextureStatic /logisticspipes/empty.png @ 34, texId: 218, index: 34
TextureFX registered: LogisticsPipesTextureStatic /logisticspipes/empty.png @ 35, texId: 218, index: 35
TextureFX registered: LogisticsPipesTextureStatic /logisticspipes/empty.png @ 36, texId: 218, index: 36
TextureFX registered: LogisticsPipesTextureStatic /logisticspipes/empty.png @ 37, texId: 218, index: 37
TextureFX registered: com.eloraam.redpower.core.TextureAnimFX@28fd1ae5, texId: 304, index: 255
TextureFX registered: TextureHDCustomFX@346988fc, texId: 19, index: 105
TextureFX registered: TextureHDCustomFX@483dc1c, texId: 19, index: 120
TextureFX registered: TextureHDCustomFX@242fb7db, texId: 19, index: 212
Loading custom colors: /misc/grasscolor.png
Loading custom colors: /misc/foliagecolor.png
Loading custom colors: /misc/watercolorX.png
Loading custom colors: /misc/birchcolor.png
Loading custom colors: /misc/swampgrasscolor.png
Loading custom colors: /misc/swampfoliagecolor.png
Loading custom colors: /misc/skycolor0.png
Loading custom colors: /misc/fogcolor0.png
Loading custom colors: /misc/underwatercolor.png
Loading custom colors: /misc/stemcolor.png
Loading custom colors: /misc/myceliumparticlecolor.png
Loading custom colors: /environment/lightmap0.png
Loading custom colors: /environment/lightmap1.png
Loading /color.properties
Custom color: lilypad = ffffff
Custom color: particle.water = 2e5f66
Custom color: fog.nether = 3f1b13
Custom color: fog.end = 131318
Custom color: sky.end = 181818
Block palette: palette.block./misc/logcolor.png = 17
Loading custom colors: /misc/logcolor.png
Block palette: palette.block./misc/sandclaycolor.png = 12 82
Loading custom colors: /misc/sandclaycolor.png
TextureFX registered: immibis.lxp.LiquidTextureFX@689f8519, texId: 486, index: 0
TextureFX registered: LogisticsPipesTextureStatic /logisticspipes/empty.png @ 38, texId: 218, index: 38
TextureFX registered: LogisticsPipesTextureStatic /logisticspipes/empty.png @ 39, texId: 218, index: 39
TextureFX registered: LogisticsPipesTextureStatic /logisticspipes/empty.png @ 40, texId: 218, index: 40
TextureFX registered: LogisticsPipesTextureStatic /logisticspipes/empty.png @ 41, texId: 218, index: 41
TextureFX registered: ModTextureAnimation@4056671f, texId: 259, index: 0
TextureFX registered: LogisticsPipesTextureStatic /logisticspipes/empty.png @ 42, texId: 218, index: 42
TextureFX registered: LogisticsPipesTextureStatic /logisticspipes/empty.png @ 43, texId: 218, index: 43
TextureFX registered: LogisticsPipesTextureStatic /logisticspipes/empty.png @ 44, texId: 218, index: 44
TextureFX registered: ModTextureAnimation@f31552b, texId: 260, index: 2
TextureFX registered: LogisticsPipesTextureStatic /logisticspipes/empty.png @ 45, texId: 218, index: 45
TextureFX registered: ModTextureAnimation@5f4c8177, texId: 260, index: 3
TextureFX registered: LogisticsPipesTextureStatic /logisticspipes/empty.png @ 46, texId: 218, index: 46
TextureFX registered: ModTextureAnimation@6cd50c24, texId: 260, index: 4
TextureFX registered: LogisticsPipesTextureStatic /logisticspipes/empty.png @ 47, texId: 218, index: 47
TextureFX registered: ModTextureAnimation@20acedd, texId: 260, index: 5
TextureFX registered: LogisticsPipesTextureStatic /logisticspipes/empty.png @ 48, texId: 218, index: 48
TextureFX registered: buildcraft.core.render.TextureLiquidsFX@7c4bf0be, texId: 158, index: 0
TextureFX registered: LogisticsPipesTextureStatic /logisticspipes/empty.png @ 49, texId: 218, index: 49
TextureFX registered: LogisticsPipesTextureStatic /logisticspipes/empty.png @ 50, texId: 218, index: 50
TextureFX registered: LogisticsPipesTextureStatic /logisticspipes/empty.png @ 51, texId: 218, index: 51
TextureFX registered: meteor.TextureMeteorDetectorFX@59e5e5e4, texId: 257, index: 12
TextureFX registered: ro.narc.liquiduu.TextureFXElectrolyzed@5292f4e4, texId: 158, index: 2
TextureFX registered: LogisticsPipesTextureStatic /logisticspipes/empty.png @ 52, texId: 218, index: 52
TextureFX registered: meteor.TextureMeteorDetectorFX@1d9947c6, texId: 257, index: 13
TextureFX registered: LogisticsPipesTextureStatic /logisticspipes/empty.png @ 53, texId: 218, index: 53
TextureFX registered: meteor.TextureMeteorDetectorFX@7530dbf5, texId: 257, index: 14
TextureFX registered: LogisticsPipesTextureStatic /logisticspipes/empty.png @ 54, texId: 218, index: 54
TextureFX registered: LogisticsPipesTextureStatic /logisticspipes/empty.png @ 55, texId: 218, index: 55
TextureFX registered: LogisticsPipesTextureStatic /logisticspipes/empty.png @ 56, texId: 218, index: 56
TextureFX registered: LogisticsPipesTextureStatic /logisticspipes/empty.png @ 57, texId: 218, index: 57
TextureFX registered: LogisticsPipesTextureStatic /logisticspipes/empty.png @ 58, texId: 218, index: 58
TextureFX registered: LogisticsPipesTextureStatic /logisticspipes/empty.png @ 59, texId: 218, index: 59
TextureFX registered: LogisticsPipesTextureStatic /logisticspipes/empty.png @ 60, texId: 218, index: 60
TextureFX registered: LogisticsPipesTextureStatic /logisticspipes/empty.png @ 61, texId: 218, index: 61
TextureFX registered: LogisticsPipesTextureStatic /logisticspipes/empty.png @ 62, texId: 218, index: 62
TextureFX registered: LogisticsPipesTextureStatic /logisticspipes/empty.png @ 63, texId: 218, index: 63
TextureFX registered: LogisticsPipesTextureStatic /logisticspipes/empty.png @ 64, texId: 218, index: 64
TextureFX registered: LogisticsPipesTextureStatic /logisticspipes/empty.png @ 65, texId: 218, index: 65
TextureFX registered: LogisticsPipesTextureStatic /logisticspipes/empty.png @ 66, texId: 218, index: 66
TextureFX registered: LogisticsPipesTextureStatic /logisticspipes/empty.png @ 67, texId: 218, index: 67
TextureFX registered: LogisticsPipesTextureStatic /logisticspipes/empty.png @ 68, texId: 218, index: 68
TextureFX registered: LogisticsPipesTextureStatic /logisticspipes/empty.png @ 69, texId: 218, index: 69
TextureFX registered: LogisticsPipesTextureStatic /logisticspipes/empty.png @ 70, texId: 218, index: 70
TextureFX registered: LogisticsPipesTextureStatic /logisticspipes/empty.png @ 71, texId: 218, index: 71
TextureFX registered: LogisticsPipesTextureStatic /logisticspipes/empty.png @ 72, texId: 218, index: 72
TextureFX registered: LogisticsPipesTextureStatic /logisticspipes/empty.png @ 73, texId: 218, index: 73
TextureFX registered: LogisticsPipesTextureStatic /logisticspipes/empty.png @ 74, texId: 218, index: 74
TextureFX registered: LogisticsPipesTextureStatic /logisticspipes/empty.png @ 75, texId: 218, index: 75
TextureFX registered: LogisticsPipesTextureStatic /logisticspipes/empty.png @ 76, texId: 218, index: 76
TextureFX registered: LogisticsPipesTextureStatic /logisticspipes/empty.png @ 77, texId: 218, index: 77
TextureFX registered: ModTextureAnimation@34f8f8cb, texId: 261, index: 34
TextureFX registered: LogisticsPipesTextureStatic /logisticspipes/empty.png @ 78, texId: 218, index: 78
TextureFX registered: LogisticsPipesTextureStatic /logisticspipes/empty.png @ 79, texId: 218, index: 79
TextureFX registered: LogisticsPipesTextureStatic /logisticspipes/empty.png @ 80, texId: 218, index: 80
TextureFX registered: LogisticsPipesTextureStatic /logisticspipes/empty.png @ 81, texId: 218, index: 81
TextureFX registered: LogisticsPipesTextureStatic /logisticspipes/empty.png @ 82, texId: 218, index: 82
TextureFX registered: LogisticsPipesTextureStatic /logisticspipes/empty.png @ 83, texId: 218, index: 83
TextureFX registered: LogisticsPipesTextureStatic /logisticspipes/empty.png @ 84, texId: 218, index: 84
TextureFX registered: LogisticsPipesTextureStatic /logisticspipes/empty.png @ 85, texId: 218, index: 85
TextureFX registered: LogisticsPipesTextureStatic /logisticspipes/empty.png @ 86, texId: 218, index: 86
TextureFX registered: LogisticsPipesTextureStatic /logisticspipes/empty.png @ 87, texId: 218, index: 87
TextureFX registered: LogisticsPipesTextureStatic /logisticspipes/empty.png @ 88, texId: 218, index: 88
TextureFX registered: ModTextureAnimation@3beb68e6, texId: 260, index: 46
TextureFX registered: portalgun.client.render.TextureAnimation@2858dce4, texId: 301, index: 5
TextureFX registered: LogisticsPipesTextureStatic /logisticspipes/empty.png @ 89, texId: 218, index: 89
TextureFX registered: ModTextureAnimation@75fa5524, texId: 259, index: 48
TextureFX registered: dan200.computer.client.TextureComputerFX@7e330d66, texId: 31, index: 20
TextureFX registered: LogisticsPipesTextureStatic /logisticspipes/empty.png @ 90, texId: 218, index: 90
TextureFX registered: ModTextureAnimation@1f476c6f, texId: 259, index: 49
TextureFX registered: LogisticsPipesTextureStatic /logisticspipes/empty.png @ 91, texId: 218, index: 91
TextureFX registered: ModTextureAnimation@4d86567, texId: 259, index: 50
TextureFX registered: LogisticsPipesTextureStatic /logisticspipes/empty.png @ 92, texId: 218, index: 92
TextureFX registered: ModTextureAnimation@37b409c9, texId: 259, index: 51
TextureFX registered: LogisticsPipesTextureStatic /logisticspipes/empty.png @ 93, texId: 218, index: 93
TextureFX registered: ModTextureAnimation@63a88e94, texId: 259, index: 52
TextureFX registered: ModTextureAnimation@5e561448, texId: 261, index: 50
TextureFX registered: LogisticsPipesTextureStatic /logisticspipes/empty.png @ 94, texId: 218, index: 94
TextureFX registered: ModTextureAnimation@493d8c57, texId: 259, index: 53
TextureFX registered: com.xcompwiz.mystcraft.client.texturefx.TextureLiquidFX@76860958, texId: 297, index: 15
TextureFX registered: LogisticsPipesTextureStatic /logisticspipes/empty.png @ 95, texId: 218, index: 95
TextureFX registered: ModTextureAnimation@73aac193, texId: 259, index: 54
TextureFX registered: com.xcompwiz.mystcraft.client.texturefx.TexturePortalFX@2247bcaa, texId: 298, index: 15
TextureFX registered: dan200.computer.client.TextureComputerFX@5ea58cc7, texId: 31, index: 25
TextureFX registered: LogisticsPipesTextureStatic /logisticspipes/empty.png @ 96, texId: 218, index: 96
TextureFX registered: ModTextureAnimation@71d43699, texId: 259, index: 55
TextureFX registered: LogisticsPipesTextureStatic /logisticspipes/empty.png @ 97, texId: 218, index: 97
TextureFX registered: ModTextureAnimation@38af7c53, texId: 259, index: 56
TextureFX registered: LogisticsPipesTextureStatic /logisticspipes/empty.png @ 98, texId: 218, index: 98
TextureFX registered: ModTextureAnimation@6c18c180, texId: 259, index: 57
TextureFX registered: LogisticsPipesTextureStatic /logisticspipes/empty.png @ 99, texId: 218, index: 99
TextureFX registered: ModTextureAnimation@7e08370a, texId: 259, index: 58
TextureFX registered: LogisticsPipesTextureStatic /logisticspipes/empty.png @ 100, texId: 218, index: 100
TextureFX registered: ModTextureAnimation@7193e623, texId: 259, index: 59
TextureFX registered: LogisticsPipesTextureStatic /logisticspipes/empty.png @ 101, texId: 218, index: 101
TextureFX registered: ModTextureAnimation@2da1dc44, texId: 259, index: 60
TextureFX registered: LogisticsPipesTextureStatic /logisticspipes/empty.png @ 102, texId: 218, index: 102
TextureFX registered: ModTextureAnimation@56780886, texId: 259, index: 61
TextureFX registered: LogisticsPipesTextureStatic /logisticspipes/empty.png @ 103, texId: 218, index: 103
TextureFX registered: ModTextureAnimation@681a168a, texId: 259, index: 62
TextureFX registered: LogisticsPipesTextureStatic /logisticspipes/empty.png @ 104, texId: 218, index: 104
TextureFX registered: ModTextureAnimation@6ec03ed4, texId: 259, index: 63
TextureFX registered: LogisticsPipesTextureStatic /logisticspipes/empty.png @ 105, texId: 218, index: 105
TextureFX registered: LogisticsPipesTextureStatic /logisticspipes/empty.png @ 106, texId: 218, index: 106
TextureFX registered: LogisticsPipesTextureStatic /logisticspipes/empty.png @ 107, texId: 218, index: 107
TextureFX registered: LogisticsPipesTextureStatic /logisticspipes/empty.png @ 108, texId: 218, index: 108
TextureFX registered: LogisticsPipesTextureStatic /logisticspipes/empty.png @ 109, texId: 218, index: 109
TextureFX registered: ModTextureAnimation@671f5e2, texId: 261, index: 66
TextureFX registered: LogisticsPipesTextureStatic /logisticspipes/empty.png @ 110, texId: 218, index: 110
TextureFX registered: LogisticsPipesTextureStatic /logisticspipes/empty.png @ 111, texId: 218, index: 111
TextureFX registered: LogisticsPipesTextureStatic /logisticspipes/empty.png @ 112, texId: 218, index: 112
TextureFX registered: LogisticsPipesTextureStatic /logisticspipes/empty.png @ 113, texId: 218, index: 113
TextureFX registered: LogisticsPipesTextureStatic /logisticspipes/empty.png @ 114, texId: 218, index: 114
TextureFX registered: thaumcraft.client.fx.FXAnimatedPotion@920078a, texId: 160, index: 177
TextureFX registered: ModTextureAnimation@21673bcd, texId: 261, index: 82
TextureFX registered: twilightforest.client.TextureTFMagicLeavesFX@4212fa16, texId: 268, index: 88
TextureFX registered: ModTextureAnimation@5289cc09, texId: 262, index: 98
TextureFX registered: twilightforest.client.TextureTFMagicLeavesFX@6a5b6c8a, texId: 268, index: 92
TextureFX registered: ModTextureAnimation@6d3b3d73, texId: 262, index: 99
TextureFX registered: ModTextureAnimation@1489a3ed, texId: 262, index: 100
TextureFX registered: twilightforest.client.TextureTFMagicLeavesFX@73d79a75, texId: 268, index: 94
TextureFX registered: ModTextureAnimation@72533a0f, texId: 262, index: 101
TextureFX registered: thaumcraft.client.fx.FXAnimatedTexture@7fdb0c11, texId: 160, index: 210
TextureFX registered: ModTextureAnimation@14b3d2a7, texId: 261, index: 114
TextureFX registered: thaumcraft.client.fx.FXAnimatedTexture@6b2ade88, texId: 159, index: 15
TextureFX registered: thaumcraft.client.fx.FXAnimatedLava@6cfdcacf, texId: 159, index: 18
TextureFX registered: thaumcraft.client.fx.FXAnimatedInfusedOre@4b61f8c5, texId: 159, index: 22
TextureFX registered: ModTextureAnimation@12ee3353, texId: 261, index: 194
TextureFX registered: soaryn.xycraft.core.render.FXAnimatedCloud@1d618cf8, texId: 464, index: 255
TextureFX registered: soaryn.xycraft.core.render.TextureLiquidsFX@58bafa1c, texId: 466, index: 0
TextureFX registered: soaryn.xycraft.core.render.FXAnimatedCloud@429b71c6, texId: 466, index: 1
TextureFX registered: ModTextureAnimation@218ca66d, texId: 261, index: 210
TextureFX registered: railcraft.client.textureFX.TextureCreosoteOilFX@309be8e8, texId: 471, index: 0
TextureFX registered: soaryn.xycraft.core.render.FXAnimatedCloud@3ffe9efd, texId: 472, index: 255
TextureFX registered: soaryn.xycraft.core.render.FXAnimatedCloud@2672cd85, texId: 474, index: 255
TextureFX registered: LogisticsPipesTextureStatic /logisticspipes/empty.png @ 0, texId: 218, index: 0
TextureFX registered: LogisticsPipesTextureStatic /logisticspipes/empty.png @ 1, texId: 218, index: 1
TextureFX registered: LogisticsPipesTextureStatic /logisticspipes/empty.png @ 2, texId: 218, index: 2
TextureFX registered: LogisticsPipesTextureStatic /logisticspipes/empty.png @ 3, texId: 218, index: 3
TextureFX registered: LogisticsPipesTextureStatic /logisticspipes/empty.png @ 4, texId: 218, index: 4
TextureFX registered: LogisticsPipesTextureStatic /logisticspipes/empty.png @ 5, texId: 218, index: 5
TextureFX registered: LogisticsPipesTextureStatic /logisticspipes/empty.png @ 6, texId: 218, index: 6
TextureFX registered: LogisticsPipesTextureStatic /logisticspipes/empty.png @ 7, texId: 218, index: 7
TextureFX registered: soaryn.xycraft.core.render.FXAnimatedCloud@6b7b2083, texId: 482, index: 255
TextureFX registered: LogisticsPipesTextureStatic /logisticspipes/empty.png @ 8, texId: 218, index: 8
TextureFX registered: thaumcraft.client.fx.FXAnimatedTexture@2e033d1b, texId: 160, index: 67
TextureFX registered: LogisticsPipesTextureStatic /logisticspipes/empty.png @ 9, texId: 218, index: 9
TextureFX registered: LogisticsPipesTextureStatic /logisticspipes/empty.png @ 10, texId: 218, index: 10
TextureFX registered: LogisticsPipesTextureStatic /logisticspipes/empty.png @ 11, texId: 218, index: 11
TextureFX registered: LogisticsPipesTextureStatic /logisticspipes/empty.png @ 12, texId: 218, index: 12
TextureFX registered: LogisticsPipesTextureStatic /logisticspipes/empty.png @ 13, texId: 218, index: 13
TextureFX registered: railcraft.client.textureFX.TextureSteamFX@7fea8eb6, texId: 471, index: 16
TextureFX registered: LogisticsPipesTextureStatic /logisticspipes/empty.png @ 14, texId: 218, index: 14
TextureFX registered: LogisticsPipesTextureStatic /logisticspipes/empty.png @ 15, texId: 218, index: 15
TextureFX registered: LogisticsPipesTextureStatic /logisticspipes/empty.png @ 16, texId: 218, index: 16
TextureFX registered: LogisticsPipesTextureStatic /logisticspipes/empty.png @ 17, texId: 218, index: 17
TextureFX registered: LogisticsPipesTextureStatic /logisticspipes/empty.png @ 18, texId: 218, index: 18
TextureFX registered: LogisticsPipesTextureStatic /logisticspipes/empty.png @ 19, texId: 218, index: 19
TextureFX registered: LogisticsPipesTextureStatic /logisticspipes/empty.png @ 20, texId: 218, index: 20
TextureFX registered: LogisticsPipesTextureStatic /logisticspipes/empty.png @ 21, texId: 218, index: 21
TextureFX registered: com.eloraam.redpower.core.TextureAnimFX@2ebb2a7f, texId: 304, index: 239
TextureFX registered: LogisticsPipesTextureStatic /logisticspipes/empty.png @ 22, texId: 218, index: 22
TextureFX registered: LogisticsPipesTextureStatic /logisticspipes/empty.png @ 23, texId: 218, index: 23
TextureFX registered: LogisticsPipesTextureStatic /logisticspipes/empty.png @ 24, texId: 218, index: 24
TextureFX registered: LogisticsPipesTextureStatic /logisticspipes/empty.png @ 25, texId: 218, index: 25
TextureFX registered: LogisticsPipesTextureStatic /logisticspipes/empty.png @ 26, texId: 218, index: 26
TextureFX registered: LogisticsPipesTextureStatic /logisticspipes/empty.png @ 27, texId: 218, index: 27
TextureFX registered: LogisticsPipesTextureStatic /logisticspipes/empty.png @ 28, texId: 218, index: 28
TextureFX registered: LogisticsPipesTextureStatic /logisticspipes/empty.png @ 29, texId: 218, index: 29
TextureFX registered: ModTextureAnimation@71161bd2, texId: 261, index: 242
TextureFX registered: LogisticsPipesTextureStatic /logisticspipes/empty.png @ 30, texId: 218, index: 30
TextureFX registered: LogisticsPipesTextureStatic /logisticspipes/empty.png @ 31, texId: 218, index: 31
TextureFX registered: LogisticsPipesTextureStatic /logisticspipes/empty.png @ 32, texId: 218, index: 32
TextureFX registered: LogisticsPipesTextureStatic /logisticspipes/empty.png @ 33, texId: 218, index: 33
TextureFX registered: LogisticsPipesTextureStatic /logisticspipes/empty.png @ 34, texId: 218, index: 34
TextureFX registered: LogisticsPipesTextureStatic /logisticspipes/empty.png @ 35, texId: 218, index: 35
TextureFX registered: LogisticsPipesTextureStatic /logisticspipes/empty.png @ 36, texId: 218, index: 36
TextureFX registered: LogisticsPipesTextureStatic /logisticspipes/empty.png @ 37, texId: 218, index: 37
TextureFX registered: com.eloraam.redpower.core.TextureAnimFX@28fd1ae5, texId: 304, index: 255
